./ksocketd
[[1;34m22:52:07[0m] [133064089192256] shm: created shm segment /ktp_socket_table
[[1;34m22:52:07[0m] [133064089192256] shm: resized shm segment
[[1;34m22:52:07[0m] [133064089192256] shm: attached to shm segment
[[1;34m22:52:07[0m] [133064089192256] shm: initialised table mutex
[[1;34m22:52:07[0m] [133064089192256] shm: initialised library semaphore
[[1;34m22:52:07[0m] [133064089192256] shm: initialised daemon semaphore
[[1;34m22:52:07[0m] [133064089192256] shm: initialised socket table with 0 sockets currently active
[[1;34m22:52:07[0m] [133064084133440] thread: starting Receiver routine
[[1;34m22:52:07[0m] [133064075740736] thread: starting Sender routine
[[1;34m22:52:07[0m] [133063931590208] thread: starting Garbage Collector routine
[[1;34m22:52:22[0m] [133064089192256] socket: request for new socket 0 by pid 41800
[[1;34m22:52:22[0m] [133064089192256] socket: created new socket 0 (udp_sock = 4)
[[1;34m22:52:23[0m] [133064089192256] socket: request for new socket 1 by pid 41799
[[1;34m22:52:23[0m] [133064089192256] socket: created new socket 1 (udp_sock = 5)
[[1;34m22:52:24[0m] [133064089192256] socket: request to bind socket 0 to 0.0.0.0:9000
[[1;34m22:52:24[0m] [133064089192256] socket: bound socket 0
[[1;34m22:52:25[0m] [133064089192256] socket: request to bind socket 1 to 0.0.0.0:9001
[[1;34m22:52:25[0m] [133064089192256] socket: bound socket 1
[[1;34m22:52:26[0m] [133064075740736] socket 0: SENT_SEGMENT=1 unacked=1
[[1;34m22:52:26[0m] [133064075740736] socket 0: SENT_SEGMENT=2 unacked=2
[[1;34m22:52:26[0m] [133064075740736] socket 0: SENT_SEGMENT=3 unacked=3
[[1;34m22:52:26[0m] [133064075740736] socket 0: SENT_SEGMENT=4 unacked=4
[[1;34m22:52:26[0m] [133064075740736] socket 0: SENT_SEGMENT=5 unacked=5
[[1;34m22:52:26[0m] [133064075740736] socket 0: SENT_SEGMENT=6 unacked=6
[[1;34m22:52:26[0m] [133064075740736] socket 0: SENT_SEGMENT=7 unacked=7
[[1;34m22:52:26[0m] [133064075740736] socket 0: SENT_SEGMENT=8 unacked=8
[[1;34m22:52:26[0m] [133064075740736] socket 0: SENT_SEGMENT=9 unacked=9
[[1;34m22:52:26[0m] [133064075740736] socket 0: SENT_SEGMENT=10 unacked=10
[[1;34m22:52:26[0m] [133064084133440] socket 1: DATA seq=1 ACK=1 win=9
[[1;34m22:52:26[0m] [133064084133440] socket 0: ACK ack=1 new_win=9
[[1;34m22:52:26[0m] [133064084133440] socket 1: DATA seq=2 ACK=2 win=8
[[1;34m22:52:26[0m] [133064084133440] socket 0: ACK ack=2 new_win=8
[[1;34m22:52:26[0m] [133064084133440] socket 1: DATA seq=3 ACK=3 win=7
[[1;34m22:52:26[0m] [133064084133440] socket 0: ACK ack=3 new_win=7
[[1;34m22:52:26[0m] [133064084133440] socket 1: PACKET_DROPPED (simulated loss)
[[1;34m22:52:26[0m] [133064084133440] socket 1: OOO seq=5 buffered
[[1;34m22:52:26[0m] [133064084133440] socket 1: OOO seq=6 buffered
[[1;34m22:52:26[0m] [133064084133440] socket 1: OOO seq=7 buffered
[[1;34m22:52:26[0m] [133064084133440] socket 1: OOO seq=8 buffered
[[1;34m22:52:26[0m] [133064084133440] socket 1: OOO seq=9 buffered
[[1;34m22:52:26[0m] [133064084133440] socket 1: OOO seq=10 buffered
[[1;34m22:52:32[0m] [133064075740736] socket 0: TIMEOUT_RETRANSMITTING=7 messages
[[1;34m22:52:32[0m] [133064084133440] socket 1: DATA seq=4 ACK=10 win=3
[[1;34m22:52:32[0m] [133064084133440] socket 0: ACK ack=10 new_win=3
[[1;34m22:52:32[0m] [133064084133440] socket 0: ACK ack=10 new_win=3
[[1;34m22:52:32[0m] [133064084133440] socket 0: ACK ack=10 new_win=3
[[1;34m22:52:32[0m] [133064084133440] socket 0: ACK ack=10 new_win=3
[[1;34m22:52:32[0m] [133064084133440] socket 0: PACKET_DROPPED (simulated loss)
[[1;34m22:52:32[0m] [133064084133440] socket 1: PACKET_DROPPED (simulated loss)
[[1;34m22:52:32[0m] [133064084133440] socket 0: ACK ack=10 new_win=3
[[1;34m22:52:34[0m] [133064075740736] socket 0: SENT_SEGMENT=11 unacked=1
[[1;34m22:52:34[0m] [133064075740736] socket 0: SENT_SEGMENT=12 unacked=2
[[1;34m22:52:34[0m] [133064075740736] socket 0: SENT_SEGMENT=13 unacked=3
[[1;34m22:52:34[0m] [133064084133440] socket 1: DATA seq=11 ACK=11 win=9
[[1;34m22:52:34[0m] [133064084133440] socket 0: ACK ack=11 new_win=9
[[1;34m22:52:34[0m] [133064084133440] socket 1: DATA seq=12 ACK=12 win=8
[[1;34m22:52:34[0m] [133064084133440] socket 0: ACK ack=12 new_win=8
[[1;34m22:52:34[0m] [133064084133440] socket 1: DATA seq=13 ACK=13 win=7
[[1;34m22:52:34[0m] [133064084133440] socket 0: ACK ack=13 new_win=7
[[1;34m22:52:36[0m] [133064075740736] socket 0: SENT_SEGMENT=14 unacked=1
[[1;34m22:52:36[0m] [133064075740736] socket 0: SENT_SEGMENT=15 unacked=2
[[1;34m22:52:36[0m] [133064075740736] socket 0: SENT_SEGMENT=16 unacked=3
[[1;34m22:52:36[0m] [133064075740736] socket 0: SENT_SEGMENT=17 unacked=4
[[1;34m22:52:36[0m] [133064075740736] socket 0: SENT_SEGMENT=18 unacked=5
[[1;34m22:52:36[0m] [133064075740736] socket 0: SENT_SEGMENT=19 unacked=6
[[1;34m22:52:36[0m] [133064075740736] socket 0: SENT_SEGMENT=20 unacked=7
[[1;34m22:52:36[0m] [133064084133440] socket 1: DATA seq=14 ACK=14 win=9
[[1;34m22:52:36[0m] [133064084133440] socket 0: ACK ack=14 new_win=9
[[1;34m22:52:36[0m] [133064084133440] socket 1: DATA seq=15 ACK=15 win=8
[[1;34m22:52:36[0m] [133064084133440] socket 0: ACK ack=15 new_win=8
[[1;34m22:52:36[0m] [133064084133440] socket 1: DATA seq=16 ACK=16 win=7
[[1;34m22:52:36[0m] [133064084133440] socket 0: ACK ack=16 new_win=7
[[1;34m22:52:36[0m] [133064084133440] socket 1: DATA seq=17 ACK=17 win=6
[[1;34m22:52:36[0m] [133064084133440] socket 0: PACKET_DROPPED (simulated loss)
[[1;34m22:52:36[0m] [133064084133440] socket 1: DATA seq=18 ACK=18 win=5
[[1;34m22:52:36[0m] [133064084133440] socket 0: ACK ack=18 new_win=5
[[1;34m22:52:36[0m] [133064084133440] socket 1: DATA seq=19 ACK=19 win=4
[[1;34m22:52:36[0m] [133064084133440] socket 0: ACK ack=19 new_win=4
[[1;34m22:52:36[0m] [133064084133440] socket 1: PACKET_DROPPED (simulated loss)
[[1;34m22:52:38[0m] [133064075740736] socket 0: SENT_SEGMENT=21 unacked=2
[[1;34m22:52:38[0m] [133064075740736] socket 0: SENT_SEGMENT=22 unacked=3
[[1;34m22:52:38[0m] [133064075740736] socket 0: SENT_SEGMENT=23 unacked=4
[[1;34m22:52:38[0m] [133064084133440] socket 1: PACKET_DROPPED (simulated loss)
[[1;34m22:52:38[0m] [133064084133440] socket 1: OOO seq=22 buffered
[[1;34m22:52:38[0m] [133064084133440] socket 1: OOO seq=23 buffered
[[1;34m22:52:42[0m] [133064075740736] socket 0: TIMEOUT_RETRANSMITTING=4 messages
[[1;34m22:52:42[0m] [133064084133440] socket 1: DATA seq=20 ACK=20 win=9
[[1;34m22:52:42[0m] [133064084133440] socket 0: ACK ack=20 new_win=9
[[1;34m22:52:42[0m] [133064084133440] socket 1: DATA seq=21 ACK=23 win=6
[[1;34m22:52:42[0m] [133064084133440] socket 0: ACK ack=23 new_win=6
[[1;34m22:52:42[0m] [133064084133440] socket 1: PACKET_DROPPED (simulated loss)
[[1;34m22:52:42[0m] [133064084133440] socket 0: ACK ack=23 new_win=6
[[1;34m22:52:44[0m] [133064075740736] socket 0: SENT_SEGMENT=24 unacked=1
[[1;34m22:52:44[0m] [133064075740736] socket 0: SENT_SEGMENT=25 unacked=2
[[1;34m22:52:44[0m] [133064075740736] socket 0: SENT_SEGMENT=26 unacked=3
[[1;34m22:52:44[0m] [133064075740736] socket 0: SENT_SEGMENT=27 unacked=4
[[1;34m22:52:44[0m] [133064075740736] socket 0: SENT_SEGMENT=28 unacked=5
[[1;34m22:52:44[0m] [133064075740736] socket 0: SENT_SEGMENT=29 unacked=6
[[1;34m22:52:44[0m] [133064084133440] socket 1: DATA seq=24 ACK=24 win=9
[[1;34m22:52:44[0m] [133064084133440] socket 0: ACK ack=24 new_win=9
[[1;34m22:52:44[0m] [133064084133440] socket 1: PACKET_DROPPED (simulated loss)
[[1;34m22:52:44[0m] [133064084133440] socket 1: OOO seq=26 buffered
[[1;34m22:52:44[0m] [133064084133440] socket 1: OOO seq=27 buffered
[[1;34m22:52:44[0m] [133064084133440] socket 1: OOO seq=28 buffered
[[1;34m22:52:44[0m] [133064084133440] socket 1: OOO seq=29 buffered
[[1;34m22:52:46[0m] [133064075740736] socket 0: SENT_SEGMENT=30 unacked=6
[[1;34m22:52:46[0m] [133064075740736] socket 0: SENT_SEGMENT=31 unacked=7
[[1;34m22:52:46[0m] [133064075740736] socket 0: SENT_SEGMENT=32 unacked=8
[[1;34m22:52:46[0m] [133064075740736] socket 0: SENT_SEGMENT=33 unacked=9
[[1;34m22:52:46[0m] [133064084133440] socket 1: PACKET_DROPPED (simulated loss)
[[1;34m22:52:46[0m] [133064084133440] socket 1: PACKET_DROPPED (simulated loss)
[[1;34m22:52:46[0m] [133064084133440] socket 1: OOO seq=32 buffered
[[1;34m22:52:46[0m] [133064084133440] socket 1: OOO seq=33 buffered
[[1;34m22:52:50[0m] [133064075740736] socket 0: TIMEOUT_RETRANSMITTING=9 messages
[[1;34m22:52:50[0m] [133064084133440] socket 1: DATA seq=25 ACK=29 win=5
[[1;34m22:52:50[0m] [133064084133440] socket 0: ACK ack=29 new_win=5
[[1;34m22:52:50[0m] [133064084133440] socket 0: ACK ack=29 new_win=5
[[1;34m22:52:50[0m] [133064084133440] socket 0: PACKET_DROPPED (simulated loss)
[[1;34m22:52:50[0m] [133064084133440] socket 0: ACK ack=29 new_win=5
[[1;34m22:52:50[0m] [133064084133440] socket 0: ACK ack=29 new_win=5
[[1;34m22:52:50[0m] [133064084133440] socket 1: DATA seq=30 ACK=30 win=4
[[1;34m22:52:50[0m] [133064084133440] socket 0: ACK ack=30 new_win=4
[[1;34m22:52:50[0m] [133064084133440] socket 1: DATA seq=31 ACK=33 win=1
[[1;34m22:52:50[0m] [133064084133440] socket 0: ACK ack=33 new_win=1
[[1;34m22:52:50[0m] [133064084133440] socket 0: ACK ack=33 new_win=1
[[1;34m22:52:50[0m] [133064084133440] socket 0: ACK ack=33 new_win=1
[[1;34m22:52:52[0m] [133064075740736] socket 0: SENT_SEGMENT=34 unacked=1
[[1;34m22:52:52[0m] [133064084133440] socket 1: DATA seq=34 ACK=34 win=9
[[1;34m22:52:52[0m] [133064084133440] socket 0: PACKET_DROPPED (simulated loss)
[[1;34m22:52:58[0m] [133064075740736] socket 0: TIMEOUT_RETRANSMITTING=1 messages
[[1;34m22:52:58[0m] [133064084133440] socket 1: PACKET_DROPPED (simulated loss)
[[1;34m22:53:04[0m] [133064075740736] socket 0: TIMEOUT_RETRANSMITTING=1 messages
[[1;34m22:53:04[0m] [133064084133440] socket 0: ACK ack=34 new_win=10
[[1;34m22:53:06[0m] [133064075740736] socket 0: SENT_SEGMENT=35 unacked=1
[[1;34m22:53:06[0m] [133064075740736] socket 0: SENT_SEGMENT=36 unacked=2
[[1;34m22:53:06[0m] [133064075740736] socket 0: SENT_SEGMENT=37 unacked=3
[[1;34m22:53:06[0m] [133064075740736] socket 0: SENT_SEGMENT=38 unacked=4
[[1;34m22:53:06[0m] [133064075740736] socket 0: SENT_SEGMENT=39 unacked=5
[[1;34m22:53:06[0m] [133064075740736] socket 0: SENT_SEGMENT=40 unacked=6
[[1;34m22:53:06[0m] [133064075740736] socket 0: SENT_SEGMENT=41 unacked=7
[[1;34m22:53:06[0m] [133064075740736] socket 0: SENT_SEGMENT=42 unacked=8
[[1;34m22:53:06[0m] [133064075740736] socket 0: SENT_SEGMENT=43 unacked=9
[[1;34m22:53:06[0m] [133064075740736] socket 0: SENT_SEGMENT=44 unacked=10
[[1;34m22:53:06[0m] [133064084133440] socket 1: PACKET_DROPPED (simulated loss)
[[1;34m22:53:06[0m] [133064084133440] socket 1: OOO seq=36 buffered
[[1;34m22:53:06[0m] [133064084133440] socket 1: PACKET_DROPPED (simulated loss)
[[1;34m22:53:06[0m] [133064084133440] socket 1: OOO seq=38 buffered
[[1;34m22:53:06[0m] [133064084133440] socket 1: OOO seq=39 buffered
[[1;34m22:53:06[0m] [133064084133440] socket 1: OOO seq=40 buffered
[[1;34m22:53:06[0m] [133064084133440] socket 1: OOO seq=41 buffered
[[1;34m22:53:06[0m] [133064084133440] socket 1: OOO seq=42 buffered
[[1;34m22:53:06[0m] [133064084133440] socket 1: PACKET_DROPPED (simulated loss)
[[1;34m22:53:06[0m] [133064084133440] socket 1: OOO seq=44 buffered
[[1;34m22:53:12[0m] [133064075740736] socket 0: TIMEOUT_RETRANSMITTING=10 messages
[[1;34m22:53:12[0m] [133064084133440] socket 1: PACKET_DROPPED (simulated loss)
[[1;34m22:53:12[0m] [133064084133440] socket 1: OOO seq=37 buffered
[[1;34m22:53:12[0m] [133064084133440] socket 1: OOO seq=43 buffered
[[1;34m22:53:12[0m] [133064084133440] socket 1: PACKET_DROPPED (simulated loss)
[[1;34m22:53:18[0m] [133064075740736] socket 0: TIMEOUT_RETRANSMITTING=10 messages
[[1;34m22:53:18[0m] [133064084133440] socket 1: DATA seq=35 ACK=44 win=0
[[1;34m22:53:18[0m] [133064084133440] socket 0: PACKET_DROPPED (simulated loss)
[[1;34m22:53:18[0m] [133064084133440] socket 0: ACK ack=44 new_win=0
[[1;34m22:53:18[0m] [133064084133440] socket 0: ACK ack=44 new_win=0
[[1;34m22:53:18[0m] [133064084133440] socket 0: ACK ack=44 new_win=0
[[1;34m22:53:18[0m] [133064084133440] socket 0: ACK ack=44 new_win=0
[[1;34m22:53:18[0m] [133064084133440] socket 0: ACK ack=44 new_win=0
[[1;34m22:53:18[0m] [133064084133440] socket 0: ACK ack=44 new_win=0
[[1;34m22:53:18[0m] [133064084133440] socket 0: ACK ack=44 new_win=0
[[1;34m22:53:18[0m] [133064084133440] socket 0: ACK ack=44 new_win=0
[[1;34m22:53:18[0m] [133064084133440] socket 0: ACK ack=44 new_win=0
[[1;34m22:53:19[0m] [133064084133440] socket 1: nospace cleared, sent dup ACK ack=44
[[1;34m22:53:19[0m] [133064084133440] socket 0: PACKET_DROPPED (simulated loss)
[[1;34m22:53:20[0m] [133064084133440] socket 1: nospace cleared, sent dup ACK ack=44
[[1;34m22:53:20[0m] [133064084133440] socket 0: ACK ack=44 new_win=10
[[1;34m22:53:21[0m] [133064084133440] socket 1: nospace cleared, sent dup ACK ack=44
[[1;34m22:53:21[0m] [133064084133440] socket 0: PACKET_DROPPED (simulated loss)
[[1;34m22:53:22[0m] [133064075740736] socket 0: SENT_SEGMENT=45 unacked=1
[[1;34m22:53:22[0m] [133064075740736] socket 0: SENT_SEGMENT=46 unacked=2
[[1;34m22:53:22[0m] [133064075740736] socket 0: SENT_SEGMENT=47 unacked=3
[[1;34m22:53:22[0m] [133064075740736] socket 0: SENT_SEGMENT=48 unacked=4
[[1;34m22:53:22[0m] [133064075740736] socket 0: SENT_SEGMENT=49 unacked=5
[[1;34m22:53:22[0m] [133064075740736] socket 0: SENT_SEGMENT=50 unacked=6
[[1;34m22:53:22[0m] [133064075740736] socket 0: SENT_SEGMENT=51 unacked=7
[[1;34m22:53:22[0m] [133064075740736] socket 0: SENT_SEGMENT=52 unacked=8
[[1;34m22:53:22[0m] [133064075740736] socket 0: SENT_SEGMENT=53 unacked=9
[[1;34m22:53:22[0m] [133064075740736] socket 0: SENT_SEGMENT=54 unacked=10
[[1;34m22:53:22[0m] [133064084133440] socket 1: DATA seq=45 ACK=45 win=9
[[1;34m22:53:22[0m] [133064084133440] socket 0: PACKET_DROPPED (simulated loss)
[[1;34m22:53:22[0m] [133064084133440] socket 1: DATA seq=46 ACK=46 win=8
[[1;34m22:53:22[0m] [133064084133440] socket 0: ACK ack=46 new_win=8
[[1;34m22:53:22[0m] [133064084133440] socket 1: DATA seq=47 ACK=47 win=7
[[1;34m22:53:22[0m] [133064084133440] socket 0: ACK ack=47 new_win=7
[[1;34m22:53:22[0m] [133064084133440] socket 1: DATA seq=48 ACK=48 win=6
[[1;34m22:53:22[0m] [133064084133440] socket 0: ACK ack=48 new_win=6
[[1;34m22:53:22[0m] [133064084133440] socket 1: DATA seq=49 ACK=49 win=5
[[1;34m22:53:22[0m] [133064084133440] socket 0: ACK ack=49 new_win=5
[[1;34m22:53:22[0m] [133064084133440] socket 1: DATA seq=50 ACK=50 win=4
[[1;34m22:53:22[0m] [133064084133440] socket 0: ACK ack=50 new_win=4
[[1;34m22:53:22[0m] [133064084133440] socket 1: DATA seq=51 ACK=51 win=3
[[1;34m22:53:22[0m] [133064084133440] socket 0: ACK ack=51 new_win=3
[[1;34m22:53:22[0m] [133064084133440] socket 1: DATA seq=52 ACK=52 win=2
[[1;34m22:53:22[0m] [133064084133440] socket 0: ACK ack=52 new_win=2
[[1;34m22:53:22[0m] [133064084133440] socket 1: PACKET_DROPPED (simulated loss)
[[1;34m22:53:22[0m] [133064084133440] socket 1: OOO seq=54 buffered
[[1;34m22:53:28[0m] [133064075740736] socket 0: TIMEOUT_RETRANSMITTING=2 messages
[[1;34m22:53:28[0m] [133064084133440] socket 1: DATA seq=53 ACK=54 win=8
[[1;34m22:53:28[0m] [133064084133440] socket 0: ACK ack=54 new_win=8
[[1;34m22:53:28[0m] [133064084133440] socket 0: PACKET_DROPPED (simulated loss)
[[1;34m22:53:30[0m] [133064075740736] socket 0: SENT_SEGMENT=55 unacked=1
[[1;34m22:53:30[0m] [133064075740736] socket 0: SENT_SEGMENT=56 unacked=2
[[1;34m22:53:30[0m] [133064075740736] socket 0: SENT_SEGMENT=57 unacked=3
[[1;34m22:53:30[0m] [133064075740736] socket 0: SENT_SEGMENT=58 unacked=4
[[1;34m22:53:30[0m] [133064075740736] socket 0: SENT_SEGMENT=59 unacked=5
[[1;34m22:53:30[0m] [133064075740736] socket 0: SENT_SEGMENT=60 unacked=6
[[1;34m22:53:30[0m] [133064075740736] socket 0: SENT_SEGMENT=61 unacked=7
[[1;34m22:53:30[0m] [133064075740736] socket 0: SENT_SEGMENT=62 unacked=8
[[1;34m22:53:30[0m] [133064084133440] socket 1: DATA seq=55 ACK=55 win=9
[[1;34m22:53:30[0m] [133064084133440] socket 0: ACK ack=55 new_win=9
[[1;34m22:53:30[0m] [133064084133440] socket 1: DATA seq=56 ACK=56 win=8
[[1;34m22:53:30[0m] [133064084133440] socket 0: ACK ack=56 new_win=8
[[1;34m22:53:30[0m] [133064084133440] socket 1: PACKET_DROPPED (simulated loss)
[[1;34m22:53:30[0m] [133064084133440] socket 1: OOO seq=58 buffered
[[1;34m22:53:30[0m] [133064084133440] socket 1: OOO seq=59 buffered
[[1;34m22:53:30[0m] [133064084133440] socket 1: OOO seq=60 buffered
[[1;34m22:53:30[0m] [133064084133440] socket 1: OOO seq=61 buffered
[[1;34m22:53:30[0m] [133064084133440] socket 1: OOO seq=62 buffered
[[1;34m22:53:32[0m] [133064075740736] socket 0: SENT_SEGMENT=63 unacked=7
[[1;34m22:53:32[0m] [133064075740736] socket 0: SENT_SEGMENT=64 unacked=8
[[1;34m22:53:32[0m] [133064084133440] socket 1: OOO seq=63 buffered
[[1;34m22:53:32[0m] [133064084133440] socket 1: OOO seq=64 buffered
[[1;34m22:53:36[0m] [133064075740736] socket 0: TIMEOUT_RETRANSMITTING=8 messages
[[1;34m22:53:36[0m] [133064084133440] socket 1: DATA seq=57 ACK=64 win=2
[[1;34m22:53:36[0m] [133064084133440] socket 0: ACK ack=64 new_win=2
[[1;34m22:53:36[0m] [133064084133440] socket 0: ACK ack=64 new_win=2
[[1;34m22:53:36[0m] [133064084133440] socket 0: ACK ack=64 new_win=2
[[1;34m22:53:36[0m] [133064084133440] socket 1: PACKET_DROPPED (simulated loss)
[[1;34m22:53:36[0m] [133064084133440] socket 0: ACK ack=64 new_win=2
[[1;34m22:53:36[0m] [133064084133440] socket 0: ACK ack=64 new_win=2
[[1;34m22:53:36[0m] [133064084133440] socket 0: ACK ack=64 new_win=2
[[1;34m22:53:36[0m] [133064084133440] socket 0: ACK ack=64 new_win=2
[[1;34m22:53:38[0m] [133064075740736] socket 0: SENT_SEGMENT=65 unacked=1
[[1;34m22:53:38[0m] [133064075740736] socket 0: SENT_SEGMENT=66 unacked=2
[[1;34m22:53:38[0m] [133064084133440] socket 1: PACKET_DROPPED (simulated loss)
[[1;34m22:53:38[0m] [133064084133440] socket 1: OOO seq=66 buffered
[[1;34m22:53:44[0m] [133064075740736] socket 0: TIMEOUT_RETRANSMITTING=2 messages
[[1;34m22:53:44[0m] [133064084133440] socket 1: PACKET_DROPPED (simulated loss)
[[1;34m22:53:44[0m] [133064084133440] socket 1: PACKET_DROPPED (simulated loss)
[[1;34m22:53:50[0m] [133064075740736] socket 0: TIMEOUT_RETRANSMITTING=2 messages
[[1;34m22:53:50[0m] [133064084133440] socket 1: DATA seq=65 ACK=66 win=8
[[1;34m22:53:50[0m] [133064084133440] socket 0: ACK ack=66 new_win=8
[[1;34m22:53:50[0m] [133064084133440] socket 0: ACK ack=66 new_win=8
[[1;34m22:53:52[0m] [133064075740736] socket 0: SENT_SEGMENT=67 unacked=1
[[1;34m22:53:52[0m] [133064075740736] socket 0: SENT_SEGMENT=68 unacked=2
[[1;34m22:53:52[0m] [133064075740736] socket 0: SENT_SEGMENT=69 unacked=3
[[1;34m22:53:52[0m] [133064075740736] socket 0: SENT_SEGMENT=70 unacked=4
[[1;34m22:53:52[0m] [133064075740736] socket 0: SENT_SEGMENT=71 unacked=5
[[1;34m22:53:52[0m] [133064075740736] socket 0: SENT_SEGMENT=72 unacked=6
[[1;34m22:53:52[0m] [133064075740736] socket 0: SENT_SEGMENT=73 unacked=7
[[1;34m22:53:52[0m] [133064075740736] socket 0: SENT_SEGMENT=74 unacked=8
[[1;34m22:53:52[0m] [133064084133440] socket 1: DATA seq=67 ACK=67 win=9
[[1;34m22:53:52[0m] [133064084133440] socket 0: ACK ack=67 new_win=9
[[1;34m22:53:52[0m] [133064084133440] socket 1: DATA seq=68 ACK=68 win=8
[[1;34m22:53:52[0m] [133064084133440] socket 0: ACK ack=68 new_win=8
[[1;34m22:53:52[0m] [133064084133440] socket 1: DATA seq=69 ACK=69 win=7
[[1;34m22:53:52[0m] [133064084133440] socket 0: ACK ack=69 new_win=7
[[1;34m22:53:52[0m] [133064084133440] socket 1: DATA seq=70 ACK=70 win=6
[[1;34m22:53:52[0m] [133064084133440] socket 0: ACK ack=70 new_win=6
[[1;34m22:53:52[0m] [133064084133440] socket 1: DATA seq=71 ACK=71 win=5
[[1;34m22:53:52[0m] [133064084133440] socket 0: ACK ack=71 new_win=5
[[1;34m22:53:52[0m] [133064084133440] socket 1: DATA seq=72 ACK=72 win=4
[[1;34m22:53:52[0m] [133064084133440] socket 0: ACK ack=72 new_win=4
[[1;34m22:53:52[0m] [133064084133440] socket 1: DATA seq=73 ACK=73 win=3
[[1;34m22:53:52[0m] [133064084133440] socket 0: PACKET_DROPPED (simulated loss)
[[1;34m22:53:52[0m] [133064084133440] socket 1: DATA seq=74 ACK=74 win=2
[[1;34m22:53:52[0m] [133064084133440] socket 0: ACK ack=74 new_win=2
[[1;34m22:53:54[0m] [133064075740736] socket 0: SENT_SEGMENT=75 unacked=1
[[1;34m22:53:54[0m] [133064075740736] socket 0: SENT_SEGMENT=76 unacked=2
[[1;34m22:53:54[0m] [133064084133440] socket 1: DATA seq=75 ACK=75 win=9
[[1;34m22:53:54[0m] [133064084133440] socket 0: ACK ack=75 new_win=9
[[1;34m22:53:54[0m] [133064084133440] socket 1: DATA seq=76 ACK=76 win=8
[[1;34m22:53:54[0m] [133064084133440] socket 0: ACK ack=76 new_win=8
[[1;34m22:53:56[0m] [133064075740736] socket 0: SENT_SEGMENT=77 unacked=1
[[1;34m22:53:56[0m] [133064075740736] socket 0: SENT_SEGMENT=78 unacked=2
[[1;34m22:53:56[0m] [133064075740736] socket 0: SENT_SEGMENT=79 unacked=3
[[1;34m22:53:56[0m] [133064075740736] socket 0: SENT_SEGMENT=80 unacked=4
[[1;34m22:53:56[0m] [133064075740736] socket 0: SENT_SEGMENT=81 unacked=5
[[1;34m22:53:56[0m] [133064075740736] socket 0: SENT_SEGMENT=82 unacked=6
[[1;34m22:53:56[0m] [133064075740736] socket 0: SENT_SEGMENT=83 unacked=7
[[1;34m22:53:56[0m] [133064075740736] socket 0: SENT_SEGMENT=84 unacked=8
[[1;34m22:53:56[0m] [133064084133440] socket 1: DATA seq=77 ACK=77 win=9
[[1;34m22:53:56[0m] [133064084133440] socket 0: ACK ack=77 new_win=9
[[1;34m22:53:56[0m] [133064084133440] socket 1: DATA seq=78 ACK=78 win=8
[[1;34m22:53:56[0m] [133064084133440] socket 0: ACK ack=78 new_win=8
[[1;34m22:53:56[0m] [133064084133440] socket 1: DATA seq=79 ACK=79 win=7
[[1;34m22:53:56[0m] [133064084133440] socket 0: ACK ack=79 new_win=7
[[1;34m22:53:56[0m] [133064084133440] socket 1: DATA seq=80 ACK=80 win=6
[[1;34m22:53:56[0m] [133064084133440] socket 0: ACK ack=80 new_win=6
[[1;34m22:53:56[0m] [133064084133440] socket 1: DATA seq=81 ACK=81 win=5
[[1;34m22:53:56[0m] [133064084133440] socket 0: ACK ack=81 new_win=5
[[1;34m22:53:56[0m] [133064084133440] socket 1: DATA seq=82 ACK=82 win=4
[[1;34m22:53:56[0m] [133064084133440] socket 0: ACK ack=82 new_win=4
[[1;34m22:53:56[0m] [133064084133440] socket 1: DATA seq=83 ACK=83 win=3
[[1;34m22:53:56[0m] [133064084133440] socket 0: ACK ack=83 new_win=3
[[1;34m22:53:56[0m] [133064084133440] socket 1: DATA seq=84 ACK=84 win=2
[[1;34m22:53:56[0m] [133064084133440] socket 0: ACK ack=84 new_win=2
[[1;34m22:53:58[0m] [133064075740736] socket 0: SENT_SEGMENT=85 unacked=1
[[1;34m22:53:58[0m] [133064075740736] socket 0: SENT_SEGMENT=86 unacked=2
[[1;34m22:53:58[0m] [133064084133440] socket 1: PACKET_DROPPED (simulated loss)
[[1;34m22:53:58[0m] [133064084133440] socket 1: OOO seq=86 buffered
[[1;34m22:54:04[0m] [133064075740736] socket 0: TIMEOUT_RETRANSMITTING=2 messages
[[1;34m22:54:04[0m] [133064084133440] socket 1: DATA seq=85 ACK=86 win=8
[[1;34m22:54:04[0m] [133064084133440] socket 0: ACK ack=86 new_win=8
[[1;34m22:54:04[0m] [133064084133440] socket 0: PACKET_DROPPED (simulated loss)
[[1;34m22:54:06[0m] [133064075740736] socket 0: SENT_SEGMENT=87 unacked=1
[[1;34m22:54:06[0m] [133064075740736] socket 0: SENT_SEGMENT=88 unacked=2
[[1;34m22:54:06[0m] [133064075740736] socket 0: SENT_SEGMENT=89 unacked=3
[[1;34m22:54:06[0m] [133064075740736] socket 0: SENT_SEGMENT=90 unacked=4
[[1;34m22:54:06[0m] [133064075740736] socket 0: SENT_SEGMENT=91 unacked=5
[[1;34m22:54:06[0m] [133064075740736] socket 0: SENT_SEGMENT=92 unacked=6
[[1;34m22:54:06[0m] [133064075740736] socket 0: SENT_SEGMENT=93 unacked=7
[[1;34m22:54:06[0m] [133064075740736] socket 0: SENT_SEGMENT=94 unacked=8
[[1;34m22:54:06[0m] [133064084133440] socket 1: DATA seq=87 ACK=87 win=9
[[1;34m22:54:06[0m] [133064084133440] socket 0: ACK ack=87 new_win=9
[[1;34m22:54:06[0m] [133064084133440] socket 1: PACKET_DROPPED (simulated loss)
[[1;34m22:54:06[0m] [133064084133440] socket 1: OOO seq=89 buffered
[[1;34m22:54:06[0m] [133064084133440] socket 1: OOO seq=90 buffered
[[1;34m22:54:06[0m] [133064084133440] socket 1: OOO seq=91 buffered
[[1;34m22:54:06[0m] [133064084133440] socket 1: OOO seq=92 buffered
[[1;34m22:54:06[0m] [133064084133440] socket 1: OOO seq=93 buffered
[[1;34m22:54:06[0m] [133064084133440] socket 1: OOO seq=94 buffered
[[1;34m22:54:08[0m] [133064075740736] socket 0: SENT_SEGMENT=95 unacked=8
[[1;34m22:54:08[0m] [133064075740736] socket 0: SENT_SEGMENT=96 unacked=9
[[1;34m22:54:08[0m] [133064084133440] socket 1: PACKET_DROPPED (simulated loss)
[[1;34m22:54:08[0m] [133064084133440] socket 1: OOO seq=96 buffered
[[1;34m22:54:12[0m] [133064075740736] socket 0: TIMEOUT_RETRANSMITTING=9 messages
[[1;34m22:54:12[0m] [133064084133440] socket 1: DATA seq=88 ACK=94 win=3
[[1;34m22:54:12[0m] [133064084133440] socket 0: ACK ack=94 new_win=3
[[1;34m22:54:12[0m] [133064084133440] socket 0: ACK ack=94 new_win=3
[[1;34m22:54:12[0m] [133064084133440] socket 0: ACK ack=94 new_win=3
[[1;34m22:54:12[0m] [133064084133440] socket 1: PACKET_DROPPED (simulated loss)
[[1;34m22:54:12[0m] [133064084133440] socket 0: PACKET_DROPPED (simulated loss)
[[1;34m22:54:12[0m] [133064084133440] socket 0: ACK ack=94 new_win=3
[[1;34m22:54:12[0m] [133064084133440] socket 0: ACK ack=94 new_win=3
[[1;34m22:54:12[0m] [133064084133440] socket 1: DATA seq=95 ACK=96 win=1
[[1;34m22:54:12[0m] [133064084133440] socket 0: ACK ack=96 new_win=1
[[1;34m22:54:12[0m] [133064084133440] socket 0: ACK ack=96 new_win=1
[[1;34m22:54:14[0m] [133064075740736] socket 0: SENT_SEGMENT=97 unacked=1
[[1;34m22:54:14[0m] [133064084133440] socket 1: DATA seq=97 ACK=97 win=9
[[1;34m22:54:14[0m] [133064084133440] socket 0: ACK ack=97 new_win=9
[[1;34m22:54:16[0m] [133064075740736] socket 0: SENT_SEGMENT=98 unacked=1
[[1;34m22:54:16[0m] [133064075740736] socket 0: SENT_SEGMENT=99 unacked=2
[[1;34m22:54:16[0m] [133064075740736] socket 0: SENT_SEGMENT=100 unacked=3
[[1;34m22:54:16[0m] [133064075740736] socket 0: SENT_SEGMENT=101 unacked=4
[[1;34m22:54:16[0m] [133064075740736] socket 0: SENT_SEGMENT=102 unacked=5
[[1;34m22:54:16[0m] [133064075740736] socket 0: SENT_SEGMENT=103 unacked=6
[[1;34m22:54:16[0m] [133064075740736] socket 0: SENT_SEGMENT=104 unacked=7
[[1;34m22:54:16[0m] [133064075740736] socket 0: SENT_SEGMENT=105 unacked=8
[[1;34m22:54:16[0m] [133064075740736] socket 0: SENT_SEGMENT=106 unacked=9
[[1;34m22:54:16[0m] [133064084133440] socket 1: DATA seq=98 ACK=98 win=9
[[1;34m22:54:16[0m] [133064084133440] socket 0: ACK ack=98 new_win=9
[[1;34m22:54:16[0m] [133064084133440] socket 1: PACKET_DROPPED (simulated loss)
[[1;34m22:54:16[0m] [133064084133440] socket 1: OOO seq=100 buffered
[[1;34m22:54:16[0m] [133064084133440] socket 1: OOO seq=101 buffered
[[1;34m22:54:16[0m] [133064084133440] socket 1: OOO seq=102 buffered
[[1;34m22:54:16[0m] [133064084133440] socket 1: OOO seq=103 buffered
[[1;34m22:54:16[0m] [133064084133440] socket 1: OOO seq=104 buffered
[[1;34m22:54:16[0m] [133064084133440] socket 1: OOO seq=105 buffered
[[1;34m22:54:16[0m] [133064084133440] socket 1: OOO seq=106 buffered
[[1;34m22:54:18[0m] [133064075740736] socket 0: SENT_SEGMENT=107 unacked=9
[[1;34m22:54:18[0m] [133064084133440] socket 1: OOO seq=107 buffered
[[1;34m22:54:22[0m] [133064075740736] socket 0: TIMEOUT_RETRANSMITTING=9 messages
[[1;34m22:54:22[0m] [133064084133440] socket 1: DATA seq=99 ACK=107 win=1
[[1;34m22:54:22[0m] [133064084133440] socket 0: PACKET_DROPPED (simulated loss)
[[1;34m22:54:22[0m] [133064084133440] socket 0: ACK ack=107 new_win=1
[[1;34m22:54:22[0m] [133064084133440] socket 0: PACKET_DROPPED (simulated loss)
[[1;34m22:54:22[0m] [133064084133440] socket 0: ACK ack=107 new_win=1
[[1;34m22:54:22[0m] [133064084133440] socket 0: ACK ack=107 new_win=1
[[1;34m22:54:22[0m] [133064084133440] socket 0: ACK ack=107 new_win=1
[[1;34m22:54:22[0m] [133064084133440] socket 0: ACK ack=107 new_win=1
[[1;34m22:54:22[0m] [133064084133440] socket 0: PACKET_DROPPED (simulated loss)
[[1;34m22:54:22[0m] [133064084133440] socket 1: PACKET_DROPPED (simulated loss)
[[1;34m22:54:24[0m] [133064075740736] socket 0: SENT_SEGMENT=108 unacked=1
[[1;34m22:54:24[0m] [133064084133440] socket 1: DATA seq=108 ACK=108 win=9
[[1;34m22:54:24[0m] [133064084133440] socket 0: ACK ack=108 new_win=9
[[1;34m22:54:26[0m] [133064075740736] socket 0: SENT_SEGMENT=109 unacked=1
[[1;34m22:54:26[0m] [133064075740736] socket 0: SENT_SEGMENT=110 unacked=2
[[1;34m22:54:26[0m] [133064075740736] socket 0: SENT_SEGMENT=111 unacked=3
[[1;34m22:54:26[0m] [133064075740736] socket 0: SENT_SEGMENT=112 unacked=4
[[1;34m22:54:26[0m] [133064075740736] socket 0: SENT_SEGMENT=113 unacked=5
[[1;34m22:54:26[0m] [133064075740736] socket 0: SENT_SEGMENT=114 unacked=6
[[1;34m22:54:26[0m] [133064075740736] socket 0: SENT_SEGMENT=115 unacked=7
[[1;34m22:54:26[0m] [133064075740736] socket 0: SENT_SEGMENT=116 unacked=8
[[1;34m22:54:26[0m] [133064075740736] socket 0: SENT_SEGMENT=117 unacked=9
[[1;34m22:54:26[0m] [133064084133440] socket 1: DATA seq=109 ACK=109 win=9
[[1;34m22:54:26[0m] [133064084133440] socket 0: ACK ack=109 new_win=9
[[1;34m22:54:26[0m] [133064084133440] socket 1: DATA seq=110 ACK=110 win=8
[[1;34m22:54:26[0m] [133064084133440] socket 0: ACK ack=110 new_win=8
[[1;34m22:54:26[0m] [133064084133440] socket 1: DATA seq=111 ACK=111 win=7
[[1;34m22:54:26[0m] [133064084133440] socket 0: ACK ack=111 new_win=7
[[1;34m22:54:26[0m] [133064084133440] socket 1: DATA seq=112 ACK=112 win=6
[[1;34m22:54:26[0m] [133064084133440] socket 0: PACKET_DROPPED (simulated loss)
[[1;34m22:54:26[0m] [133064084133440] socket 1: DATA seq=113 ACK=113 win=5
[[1;34m22:54:26[0m] [133064084133440] socket 0: PACKET_DROPPED (simulated loss)
[[1;34m22:54:26[0m] [133064084133440] socket 1: DATA seq=114 ACK=114 win=4
[[1;34m22:54:26[0m] [133064084133440] socket 0: PACKET_DROPPED (simulated loss)
[[1;34m22:54:26[0m] [133064084133440] socket 1: DATA seq=115 ACK=115 win=3
[[1;34m22:54:26[0m] [133064084133440] socket 0: ACK ack=115 new_win=3
[[1;34m22:54:26[0m] [133064084133440] socket 1: DATA seq=116 ACK=116 win=2
[[1;34m22:54:26[0m] [133064084133440] socket 0: PACKET_DROPPED (simulated loss)
[[1;34m22:54:26[0m] [133064084133440] socket 1: DATA seq=117 ACK=117 win=1
[[1;34m22:54:26[0m] [133064084133440] socket 0: ACK ack=117 new_win=1
[[1;34m22:54:28[0m] [133064075740736] socket 0: SENT_SEGMENT=118 unacked=1
[[1;34m22:54:28[0m] [133064084133440] socket 1: DATA seq=118 ACK=118 win=9
[[1;34m22:54:28[0m] [133064084133440] socket 0: ACK ack=118 new_win=9
[[1;34m22:54:30[0m] [133064075740736] socket 0: SENT_SEGMENT=119 unacked=1
[[1;34m22:54:30[0m] [133064075740736] socket 0: SENT_SEGMENT=120 unacked=2
[[1;34m22:54:30[0m] [133064075740736] socket 0: SENT_SEGMENT=121 unacked=3
[[1;34m22:54:30[0m] [133064075740736] socket 0: SENT_SEGMENT=122 unacked=4
[[1;34m22:54:30[0m] [133064075740736] socket 0: SENT_SEGMENT=123 unacked=5
[[1;34m22:54:30[0m] [133064075740736] socket 0: SENT_SEGMENT=124 unacked=6
[[1;34m22:54:30[0m] [133064075740736] socket 0: SENT_SEGMENT=125 unacked=7
[[1;34m22:54:30[0m] [133064075740736] socket 0: SENT_SEGMENT=126 unacked=8
[[1;34m22:54:30[0m] [133064075740736] socket 0: SENT_SEGMENT=127 unacked=9
[[1;34m22:54:30[0m] [133064084133440] socket 1: DATA seq=119 ACK=119 win=9
[[1;34m22:54:30[0m] [133064084133440] socket 0: PACKET_DROPPED (simulated loss)
[[1;34m22:54:30[0m] [133064084133440] socket 1: DATA seq=120 ACK=120 win=8
[[1;34m22:54:30[0m] [133064084133440] socket 0: ACK ack=120 new_win=8
[[1;34m22:54:30[0m] [133064084133440] socket 1: DATA seq=121 ACK=121 win=7
[[1;34m22:54:30[0m] [133064084133440] socket 0: PACKET_DROPPED (simulated loss)
[[1;34m22:54:30[0m] [133064084133440] socket 1: DATA seq=122 ACK=122 win=6
[[1;34m22:54:30[0m] [133064084133440] socket 0: PACKET_DROPPED (simulated loss)
[[1;34m22:54:30[0m] [133064084133440] socket 1: PACKET_DROPPED (simulated loss)
[[1;34m22:54:30[0m] [133064084133440] socket 1: PACKET_DROPPED (simulated loss)
[[1;34m22:54:30[0m] [133064084133440] socket 1: OOO seq=125 buffered
[[1;34m22:54:30[0m] [133064084133440] socket 1: OOO seq=126 buffered
[[1;34m22:54:30[0m] [133064084133440] socket 1: OOO seq=127 buffered
[[1;34m22:54:32[0m] [133064075740736] socket 0: SENT_SEGMENT=128 unacked=8
[[1;34m22:54:32[0m] [133064084133440] socket 1: OOO seq=128 buffered
[[1;34m22:54:36[0m] [133064075740736] socket 0: TIMEOUT_RETRANSMITTING=8 messages
[[1;34m22:54:36[0m] [133064084133440] socket 1: PACKET_DROPPED (simulated loss)
[[1;34m22:54:36[0m] [133064084133440] socket 1: PACKET_DROPPED (simulated loss)
[[1;34m22:54:36[0m] [133064084133440] socket 1: DATA seq=123 ACK=123 win=9
[[1;34m22:54:36[0m] [133064084133440] socket 0: ACK ack=123 new_win=9
[[1;34m22:54:36[0m] [133064084133440] socket 1: PACKET_DROPPED (simulated loss)
[[1;34m22:54:36[0m] [133064084133440] socket 1: PACKET_DROPPED (simulated loss)
[[1;34m22:54:36[0m] [133064084133440] socket 1: PACKET_DROPPED (simulated loss)
[[1;34m22:54:38[0m] [133064075740736] socket 0: SENT_SEGMENT=129 unacked=6
[[1;34m22:54:38[0m] [133064075740736] socket 0: SENT_SEGMENT=130 unacked=7
[[1;34m22:54:38[0m] [133064075740736] socket 0: SENT_SEGMENT=131 unacked=8
[[1;34m22:54:38[0m] [133064075740736] socket 0: SENT_SEGMENT=132 unacked=9
[[1;34m22:54:38[0m] [133064084133440] socket 1: OOO seq=129 buffered
[[1;34m22:54:38[0m] [133064084133440] socket 1: OOO seq=130 buffered
[[1;34m22:54:38[0m] [133064084133440] socket 1: OOO seq=131 buffered
[[1;34m22:54:38[0m] [133064084133440] socket 1: OOO seq=132 buffered
[[1;34m22:54:42[0m] [133064075740736] socket 0: TIMEOUT_RETRANSMITTING=9 messages
[[1;34m22:54:42[0m] [133064084133440] socket 1: DATA seq=124 ACK=132 win=1
[[1;34m22:54:42[0m] [133064084133440] socket 0: ACK ack=132 new_win=1
[[1;34m22:54:42[0m] [133064084133440] socket 1: PACKET_DROPPED (simulated loss)
[[1;34m22:54:42[0m] [133064084133440] socket 1: PACKET_DROPPED (simulated loss)
[[1;34m22:54:42[0m] [133064084133440] socket 0: ACK ack=132 new_win=1
[[1;34m22:54:42[0m] [133064084133440] socket 0: ACK ack=132 new_win=1
[[1;34m22:54:42[0m] [133064084133440] socket 0: ACK ack=132 new_win=1
[[1;34m22:54:42[0m] [133064084133440] socket 0: ACK ack=132 new_win=1
[[1;34m22:54:42[0m] [133064084133440] socket 0: ACK ack=132 new_win=1
[[1;34m22:54:42[0m] [133064084133440] socket 1: PACKET_DROPPED (simulated loss)
[[1;34m22:54:44[0m] [133064075740736] socket 0: SENT_SEGMENT=133 unacked=1
[[1;34m22:54:44[0m] [133064084133440] socket 1: DATA seq=133 ACK=133 win=9
[[1;34m22:54:44[0m] [133064084133440] socket 0: ACK ack=133 new_win=9
[[1;34m22:54:46[0m] [133064075740736] socket 0: SENT_SEGMENT=134 unacked=1
[[1;34m22:54:46[0m] [133064075740736] socket 0: SENT_SEGMENT=135 unacked=2
[[1;34m22:54:46[0m] [133064075740736] socket 0: SENT_SEGMENT=136 unacked=3
[[1;34m22:54:46[0m] [133064075740736] socket 0: SENT_SEGMENT=137 unacked=4
[[1;34m22:54:46[0m] [133064075740736] socket 0: SENT_SEGMENT=138 unacked=5
[[1;34m22:54:46[0m] [133064075740736] socket 0: SENT_SEGMENT=139 unacked=6
[[1;34m22:54:46[0m] [133064075740736] socket 0: SENT_SEGMENT=140 unacked=7
[[1;34m22:54:46[0m] [133064075740736] socket 0: SENT_SEGMENT=141 unacked=8
[[1;34m22:54:46[0m] [133064075740736] socket 0: SENT_SEGMENT=142 unacked=9
[[1;34m22:54:46[0m] [133064084133440] socket 1: DATA seq=134 ACK=134 win=9
[[1;34m22:54:46[0m] [133064084133440] socket 0: ACK ack=134 new_win=9
[[1;34m22:54:46[0m] [133064084133440] socket 1: DATA seq=135 ACK=135 win=8
[[1;34m22:54:46[0m] [133064084133440] socket 0: PACKET_DROPPED (simulated loss)
[[1;34m22:54:46[0m] [133064084133440] socket 1: DATA seq=136 ACK=136 win=7
[[1;34m22:54:46[0m] [133064084133440] socket 0: ACK ack=136 new_win=7
[[1;34m22:54:46[0m] [133064084133440] socket 1: PACKET_DROPPED (simulated loss)
[[1;34m22:54:46[0m] [133064084133440] socket 1: OOO seq=138 buffered
[[1;34m22:54:46[0m] [133064084133440] socket 1: OOO seq=139 buffered
[[1;34m22:54:46[0m] [133064084133440] socket 1: OOO seq=140 buffered
[[1;34m22:54:46[0m] [133064084133440] socket 1: PACKET_DROPPED (simulated loss)
[[1;34m22:54:46[0m] [133064084133440] socket 1: OOO seq=142 buffered
[[1;34m22:54:48[0m] [133064075740736] socket 0: SENT_SEGMENT=143 unacked=7
[[1;34m22:54:48[0m] [133064084133440] socket 1: OOO seq=143 buffered
[[1;34m22:54:52[0m] [133064075740736] socket 0: TIMEOUT_RETRANSMITTING=7 messages
[[1;34m22:54:52[0m] [133064084133440] socket 1: DATA seq=137 ACK=140 win=6
[[1;34m22:54:52[0m] [133064084133440] socket 0: ACK ack=140 new_win=6
[[1;34m22:54:52[0m] [133064084133440] socket 0: ACK ack=140 new_win=6
[[1;34m22:54:52[0m] [133064084133440] socket 0: PACKET_DROPPED (simulated loss)
[[1;34m22:54:52[0m] [133064084133440] socket 0: ACK ack=140 new_win=6
[[1;34m22:54:52[0m] [133064084133440] socket 1: DATA seq=141 ACK=143 win=3
[[1;34m22:54:52[0m] [133064084133440] socket 0: PACKET_DROPPED (simulated loss)
[[1;34m22:54:52[0m] [133064084133440] socket 0: ACK ack=143 new_win=3
[[1;34m22:54:52[0m] [133064084133440] socket 0: ACK ack=143 new_win=3
[[1;34m22:54:54[0m] [133064075740736] socket 0: SENT_SEGMENT=144 unacked=1
[[1;34m22:54:54[0m] [133064075740736] socket 0: SENT_SEGMENT=145 unacked=2
[[1;34m22:54:54[0m] [133064075740736] socket 0: SENT_SEGMENT=146 unacked=3
[[1;34m22:54:54[0m] [133064084133440] socket 1: PACKET_DROPPED (simulated loss)
[[1;34m22:54:54[0m] [133064084133440] socket 1: OOO seq=145 buffered
[[1;34m22:54:54[0m] [133064084133440] socket 1: PACKET_DROPPED (simulated loss)
[[1;34m22:55:00[0m] [133064075740736] socket 0: TIMEOUT_RETRANSMITTING=3 messages
[[1;34m22:55:00[0m] [133064084133440] socket 1: DATA seq=144 ACK=145 win=8
[[1;34m22:55:00[0m] [133064084133440] socket 0: ACK ack=145 new_win=8
[[1;34m22:55:00[0m] [133064084133440] socket 0: ACK ack=145 new_win=8
[[1;34m22:55:00[0m] [133064084133440] socket 1: DATA seq=146 ACK=146 win=7
[[1;34m22:55:00[0m] [133064084133440] socket 0: ACK ack=146 new_win=7
[[1;34m22:55:02[0m] [133064075740736] socket 0: SENT_SEGMENT=147 unacked=1
[[1;34m22:55:02[0m] [133064075740736] socket 0: SENT_SEGMENT=148 unacked=2
[[1;34m22:55:02[0m] [133064075740736] socket 0: SENT_SEGMENT=149 unacked=3
[[1;34m22:55:02[0m] [133064075740736] socket 0: SENT_SEGMENT=150 unacked=4
[[1;34m22:55:02[0m] [133064075740736] socket 0: SENT_SEGMENT=151 unacked=5
[[1;34m22:55:02[0m] [133064075740736] socket 0: SENT_SEGMENT=152 unacked=6
[[1;34m22:55:02[0m] [133064075740736] socket 0: SENT_SEGMENT=153 unacked=7
[[1;34m22:55:02[0m] [133064084133440] socket 1: DATA seq=147 ACK=147 win=9
[[1;34m22:55:02[0m] [133064084133440] socket 0: ACK ack=147 new_win=9
[[1;34m22:55:02[0m] [133064084133440] socket 1: PACKET_DROPPED (simulated loss)
[[1;34m22:55:02[0m] [133064084133440] socket 1: OOO seq=149 buffered
[[1;34m22:55:02[0m] [133064084133440] socket 1: OOO seq=150 buffered
[[1;34m22:55:02[0m] [133064084133440] socket 1: OOO seq=151 buffered
[[1;34m22:55:02[0m] [133064084133440] socket 1: OOO seq=152 buffered
[[1;34m22:55:02[0m] [133064084133440] socket 1: OOO seq=153 buffered
[[1;34m22:55:04[0m] [133064075740736] socket 0: SENT_SEGMENT=154 unacked=7
[[1;34m22:55:04[0m] [133064075740736] socket 0: SENT_SEGMENT=155 unacked=8
[[1;34m22:55:04[0m] [133064075740736] socket 0: SENT_SEGMENT=156 unacked=9
[[1;34m22:55:04[0m] [133064084133440] socket 1: OOO seq=154 buffered
[[1;34m22:55:04[0m] [133064084133440] socket 1: OOO seq=155 buffered
[[1;34m22:55:04[0m] [133064084133440] socket 1: OOO seq=156 buffered
[[1;34m22:55:08[0m] [133064075740736] socket 0: TIMEOUT_RETRANSMITTING=9 messages
[[1;34m22:55:08[0m] [133064084133440] socket 1: DATA seq=148 ACK=156 win=1
[[1;34m22:55:08[0m] [133064084133440] socket 0: ACK ack=156 new_win=1
[[1;34m22:55:08[0m] [133064084133440] socket 0: ACK ack=156 new_win=1
[[1;34m22:55:08[0m] [133064084133440] socket 1: PACKET_DROPPED (simulated loss)
[[1;34m22:55:08[0m] [133064084133440] socket 0: ACK ack=156 new_win=1
[[1;34m22:55:08[0m] [133064084133440] socket 1: PACKET_DROPPED (simulated loss)
[[1;34m22:55:08[0m] [133064084133440] socket 0: ACK ack=156 new_win=1
[[1;34m22:55:08[0m] [133064084133440] socket 0: ACK ack=156 new_win=1
[[1;34m22:55:08[0m] [133064084133440] socket 0: ACK ack=156 new_win=1
[[1;34m22:55:08[0m] [133064084133440] socket 0: ACK ack=156 new_win=1
[[1;34m22:55:10[0m] [133064075740736] socket 0: SENT_SEGMENT=157 unacked=1
[[1;34m22:55:10[0m] [133064084133440] socket 1: DATA seq=157 ACK=157 win=9
[[1;34m22:55:10[0m] [133064084133440] socket 0: ACK ack=157 new_win=9
[[1;34m22:55:12[0m] [133064075740736] socket 0: SENT_SEGMENT=158 unacked=1
[[1;34m22:55:12[0m] [133064075740736] socket 0: SENT_SEGMENT=159 unacked=2
[[1;34m22:55:12[0m] [133064075740736] socket 0: SENT_SEGMENT=160 unacked=3
[[1;34m22:55:12[0m] [133064075740736] socket 0: SENT_SEGMENT=161 unacked=4
[[1;34m22:55:12[0m] [133064075740736] socket 0: SENT_SEGMENT=162 unacked=5
[[1;34m22:55:12[0m] [133064075740736] socket 0: SENT_SEGMENT=163 unacked=6
[[1;34m22:55:12[0m] [133064075740736] socket 0: SENT_SEGMENT=164 unacked=7
[[1;34m22:55:12[0m] [133064075740736] socket 0: SENT_SEGMENT=165 unacked=8
[[1;34m22:55:12[0m] [133064075740736] socket 0: SENT_SEGMENT=166 unacked=9
[[1;34m22:55:12[0m] [133064084133440] socket 1: DATA seq=158 ACK=158 win=9
[[1;34m22:55:12[0m] [133064084133440] socket 0: ACK ack=158 new_win=9
[[1;34m22:55:12[0m] [133064084133440] socket 1: DATA seq=159 ACK=159 win=8
[[1;34m22:55:12[0m] [133064084133440] socket 0: PACKET_DROPPED (simulated loss)
[[1;34m22:55:12[0m] [133064084133440] socket 1: DATA seq=160 ACK=160 win=7
[[1;34m22:55:12[0m] [133064084133440] socket 0: ACK ack=160 new_win=7
[[1;34m22:55:12[0m] [133064084133440] socket 1: DATA seq=161 ACK=161 win=6
[[1;34m22:55:12[0m] [133064084133440] socket 0: ACK ack=161 new_win=6
[[1;34m22:55:12[0m] [133064084133440] socket 1: DATA seq=162 ACK=162 win=5
[[1;34m22:55:12[0m] [133064084133440] socket 0: PACKET_DROPPED (simulated loss)
[[1;34m22:55:12[0m] [133064084133440] socket 1: PACKET_DROPPED (simulated loss)
[[1;34m22:55:12[0m] [133064084133440] socket 1: OOO seq=164 buffered
[[1;34m22:55:12[0m] [133064084133440] socket 1: OOO seq=165 buffered
[[1;34m22:55:12[0m] [133064084133440] socket 1: OOO seq=166 buffered
[[1;34m22:55:14[0m] [133064075740736] socket 0: SENT_SEGMENT=167 unacked=6
[[1;34m22:55:14[0m] [133064084133440] socket 1: OOO seq=167 buffered
[[1;34m22:55:18[0m] [133064075740736] socket 0: TIMEOUT_RETRANSMITTING=6 messages
[[1;34m22:55:18[0m] [133064084133440] socket 0: ACK ack=162 new_win=10
[[1;34m22:55:18[0m] [133064084133440] socket 1: DATA seq=163 ACK=167 win=5
[[1;34m22:55:18[0m] [133064084133440] socket 0: PACKET_DROPPED (simulated loss)
[[1;34m22:55:18[0m] [133064084133440] socket 0: ACK ack=167 new_win=5
[[1;34m22:55:18[0m] [133064084133440] socket 0: ACK ack=167 new_win=5
[[1;34m22:55:18[0m] [133064084133440] socket 0: ACK ack=167 new_win=5
[[1;34m22:55:18[0m] [133064084133440] socket 0: ACK ack=167 new_win=5
[[1;34m22:55:20[0m] [133064075740736] socket 0: SENT_SEGMENT=168 unacked=1
[[1;34m22:55:20[0m] [133064075740736] socket 0: SENT_SEGMENT=169 unacked=2
[[1;34m22:55:20[0m] [133064075740736] socket 0: SENT_SEGMENT=170 unacked=3
[[1;34m22:55:20[0m] [133064075740736] socket 0: SENT_SEGMENT=171 unacked=4
[[1;34m22:55:20[0m] [133064075740736] socket 0: SENT_SEGMENT=172 unacked=5
[[1;34m22:55:20[0m] [133064084133440] socket 1: PACKET_DROPPED (simulated loss)
[[1;34m22:55:20[0m] [133064084133440] socket 1: OOO seq=169 buffered
[[1;34m22:55:20[0m] [133064084133440] socket 1: OOO seq=170 buffered
[[1;34m22:55:20[0m] [133064084133440] socket 1: OOO seq=171 buffered
[[1;34m22:55:20[0m] [133064084133440] socket 1: OOO seq=172 buffered
[[1;34m22:55:26[0m] [133064075740736] socket 0: TIMEOUT_RETRANSMITTING=5 messages
[[1;34m22:55:26[0m] [133064084133440] socket 1: DATA seq=168 ACK=172 win=5
[[1;34m22:55:26[0m] [133064084133440] socket 0: ACK ack=172 new_win=5
[[1;34m22:55:26[0m] [133064084133440] socket 0: ACK ack=172 new_win=5
[[1;34m22:55:26[0m] [133064084133440] socket 0: ACK ack=172 new_win=5
[[1;34m22:55:26[0m] [133064084133440] socket 0: PACKET_DROPPED (simulated loss)
[[1;34m22:55:26[0m] [133064084133440] socket 0: ACK ack=172 new_win=5
[[1;34m22:55:28[0m] [133064075740736] socket 0: SENT_SEGMENT=173 unacked=1
[[1;34m22:55:28[0m] [133064075740736] socket 0: SENT_SEGMENT=174 unacked=2
[[1;34m22:55:28[0m] [133064075740736] socket 0: SENT_SEGMENT=175 unacked=3
[[1;34m22:55:28[0m] [133064075740736] socket 0: SENT_SEGMENT=176 unacked=4
[[1;34m22:55:28[0m] [133064075740736] socket 0: SENT_SEGMENT=177 unacked=5
[[1;34m22:55:28[0m] [133064084133440] socket 1: DATA seq=173 ACK=173 win=9
[[1;34m22:55:28[0m] [133064084133440] socket 0: ACK ack=173 new_win=9
[[1;34m22:55:28[0m] [133064084133440] socket 1: DATA seq=174 ACK=174 win=8
[[1;34m22:55:28[0m] [133064084133440] socket 0: ACK ack=174 new_win=8
[[1;34m22:55:28[0m] [133064084133440] socket 1: DATA seq=175 ACK=175 win=7
[[1;34m22:55:28[0m] [133064084133440] socket 0: ACK ack=175 new_win=7
[[1;34m22:55:28[0m] [133064084133440] socket 1: DATA seq=176 ACK=176 win=6
[[1;34m22:55:28[0m] [133064084133440] socket 0: PACKET_DROPPED (simulated loss)
[[1;34m22:55:28[0m] [133064084133440] socket 1: DATA seq=177 ACK=177 win=5
[[1;34m22:55:28[0m] [133064084133440] socket 0: PACKET_DROPPED (simulated loss)
[[1;34m22:55:30[0m] [133064075740736] socket 0: SENT_SEGMENT=178 unacked=3
[[1;34m22:55:30[0m] [133064075740736] socket 0: SENT_SEGMENT=179 unacked=4
[[1;34m22:55:30[0m] [133064075740736] socket 0: SENT_SEGMENT=180 unacked=5
[[1;34m22:55:30[0m] [133064075740736] socket 0: SENT_SEGMENT=181 unacked=6
[[1;34m22:55:30[0m] [133064075740736] socket 0: SENT_SEGMENT=182 unacked=7
[[1;34m22:55:30[0m] [133064084133440] socket 1: PACKET_DROPPED (simulated loss)
[[1;34m22:55:30[0m] [133064084133440] socket 1: OOO seq=179 buffered
[[1;34m22:55:30[0m] [133064084133440] socket 1: OOO seq=180 buffered
[[1;34m22:55:30[0m] [133064084133440] socket 1: OOO seq=181 buffered
[[1;34m22:55:30[0m] [133064084133440] socket 1: OOO seq=182 buffered
[[1;34m22:55:34[0m] [133064075740736] socket 0: TIMEOUT_RETRANSMITTING=7 messages
[[1;34m22:55:34[0m] [133064084133440] socket 0: ACK ack=177 new_win=10
[[1;34m22:55:34[0m] [133064084133440] socket 0: ACK ack=177 new_win=10
[[1;34m22:55:34[0m] [133064084133440] socket 1: DATA seq=178 ACK=182 win=5
[[1;34m22:55:34[0m] [133064084133440] socket 0: ACK ack=182 new_win=5
[[1;34m22:55:34[0m] [133064084133440] socket 0: ACK ack=182 new_win=5
[[1;34m22:55:34[0m] [133064084133440] socket 0: ACK ack=182 new_win=5
[[1;34m22:55:34[0m] [133064084133440] socket 0: ACK ack=182 new_win=5
[[1;34m22:55:34[0m] [133064084133440] socket 0: ACK ack=182 new_win=5
[[1;34m22:55:36[0m] [133064075740736] socket 0: SENT_SEGMENT=183 unacked=1
[[1;34m22:55:36[0m] [133064075740736] socket 0: SENT_SEGMENT=184 unacked=2
[[1;34m22:55:36[0m] [133064075740736] socket 0: SENT_SEGMENT=185 unacked=3
[[1;34m22:55:36[0m] [133064075740736] socket 0: SENT_SEGMENT=186 unacked=4
[[1;34m22:55:36[0m] [133064075740736] socket 0: SENT_SEGMENT=187 unacked=5
[[1;34m22:55:36[0m] [133064084133440] socket 1: DATA seq=183 ACK=183 win=9
[[1;34m22:55:36[0m] [133064084133440] socket 0: ACK ack=183 new_win=9
[[1;34m22:55:36[0m] [133064084133440] socket 1: DATA seq=184 ACK=184 win=8
[[1;34m22:55:36[0m] [133064084133440] socket 0: ACK ack=184 new_win=8
[[1;34m22:55:36[0m] [133064084133440] socket 1: DATA seq=185 ACK=185 win=7
[[1;34m22:55:36[0m] [133064084133440] socket 0: ACK ack=185 new_win=7
[[1;34m22:55:36[0m] [133064084133440] socket 1: DATA seq=186 ACK=186 win=6
[[1;34m22:55:36[0m] [133064084133440] socket 0: ACK ack=186 new_win=6
[[1;34m22:55:36[0m] [133064084133440] socket 1: DATA seq=187 ACK=187 win=5
[[1;34m22:55:36[0m] [133064084133440] socket 0: ACK ack=187 new_win=5
[[1;34m22:55:38[0m] [133064075740736] socket 0: SENT_SEGMENT=188 unacked=1
[[1;34m22:55:38[0m] [133064075740736] socket 0: SENT_SEGMENT=189 unacked=2
[[1;34m22:55:38[0m] [133064075740736] socket 0: SENT_SEGMENT=190 unacked=3
[[1;34m22:55:38[0m] [133064075740736] socket 0: SENT_SEGMENT=191 unacked=4
[[1;34m22:55:38[0m] [133064075740736] socket 0: SENT_SEGMENT=192 unacked=5
[[1;34m22:55:38[0m] [133064084133440] socket 1: PACKET_DROPPED (simulated loss)
[[1;34m22:55:38[0m] [133064084133440] socket 1: OOO seq=189 buffered
[[1;34m22:55:38[0m] [133064084133440] socket 1: OOO seq=190 buffered
[[1;34m22:55:38[0m] [133064084133440] socket 1: OOO seq=191 buffered
[[1;34m22:55:38[0m] [133064084133440] socket 1: PACKET_DROPPED (simulated loss)
[[1;34m22:55:44[0m] [133064075740736] socket 0: TIMEOUT_RETRANSMITTING=5 messages
[[1;34m22:55:44[0m] [133064084133440] socket 1: DATA seq=188 ACK=191 win=6
[[1;34m22:55:44[0m] [133064084133440] socket 0: ACK ack=191 new_win=6
[[1;34m22:55:44[0m] [133064084133440] socket 0: ACK ack=191 new_win=6
[[1;34m22:55:44[0m] [133064084133440] socket 0: ACK ack=191 new_win=6
[[1;34m22:55:44[0m] [133064084133440] socket 0: ACK ack=191 new_win=6
[[1;34m22:55:44[0m] [133064084133440] socket 1: DATA seq=192 ACK=192 win=5
[[1;34m22:55:44[0m] [133064084133440] socket 0: ACK ack=192 new_win=5
[[1;34m22:55:46[0m] [133064075740736] socket 0: SENT_SEGMENT=193 unacked=1
[[1;34m22:55:46[0m] [133064075740736] socket 0: SENT_SEGMENT=194 unacked=2
[[1;34m22:55:46[0m] [133064075740736] socket 0: SENT_SEGMENT=195 unacked=3
[[1;34m22:55:46[0m] [133064075740736] socket 0: SENT_SEGMENT=196 unacked=4
[[1;34m22:55:46[0m] [133064075740736] socket 0: SENT_SEGMENT=197 unacked=5
[[1;34m22:55:46[0m] [133064084133440] socket 1: DATA seq=193 ACK=193 win=9
[[1;34m22:55:46[0m] [133064084133440] socket 0: ACK ack=193 new_win=9
[[1;34m22:55:46[0m] [133064084133440] socket 1: DATA seq=194 ACK=194 win=8
[[1;34m22:55:46[0m] [133064084133440] socket 0: ACK ack=194 new_win=8
[[1;34m22:55:46[0m] [133064084133440] socket 1: DATA seq=195 ACK=195 win=7
[[1;34m22:55:46[0m] [133064084133440] socket 0: ACK ack=195 new_win=7
[[1;34m22:55:46[0m] [133064084133440] socket 1: DATA seq=196 ACK=196 win=6
[[1;34m22:55:46[0m] [133064084133440] socket 0: PACKET_DROPPED (simulated loss)
[[1;34m22:55:46[0m] [133064084133440] socket 1: DATA seq=197 ACK=197 win=5
[[1;34m22:55:46[0m] [133064084133440] socket 0: ACK ack=197 new_win=5
[[1;34m22:55:48[0m] [133064075740736] socket 0: SENT_SEGMENT=198 unacked=1
[[1;34m22:55:48[0m] [133064075740736] socket 0: SENT_SEGMENT=199 unacked=2
[[1;34m22:55:48[0m] [133064075740736] socket 0: SENT_SEGMENT=200 unacked=3
[[1;34m22:55:48[0m] [133064075740736] socket 0: SENT_SEGMENT=201 unacked=4
[[1;34m22:55:48[0m] [133064075740736] socket 0: SENT_SEGMENT=202 unacked=5
[[1;34m22:55:48[0m] [133064084133440] socket 1: DATA seq=198 ACK=198 win=9
[[1;34m22:55:48[0m] [133064084133440] socket 0: ACK ack=198 new_win=9
[[1;34m22:55:48[0m] [133064084133440] socket 1: DATA seq=199 ACK=199 win=8
[[1;34m22:55:48[0m] [133064084133440] socket 0: ACK ack=199 new_win=8
[[1;34m22:55:48[0m] [133064084133440] socket 1: DATA seq=200 ACK=200 win=7
[[1;34m22:55:48[0m] [133064084133440] socket 0: ACK ack=200 new_win=7
[[1;34m22:55:48[0m] [133064084133440] socket 1: DATA seq=201 ACK=201 win=6
[[1;34m22:55:48[0m] [133064084133440] socket 0: PACKET_DROPPED (simulated loss)
[[1;34m22:55:48[0m] [133064084133440] socket 1: PACKET_DROPPED (simulated loss)
[[1;34m22:55:50[0m] [133064075740736] socket 0: SENT_SEGMENT=203 unacked=3
[[1;34m22:55:50[0m] [133064075740736] socket 0: SENT_SEGMENT=204 unacked=4
[[1;34m22:55:50[0m] [133064075740736] socket 0: SENT_SEGMENT=205 unacked=5
[[1;34m22:55:50[0m] [133064075740736] socket 0: SENT_SEGMENT=206 unacked=6
[[1;34m22:55:50[0m] [133064075740736] socket 0: SENT_SEGMENT=207 unacked=7
[[1;34m22:55:50[0m] [133064084133440] socket 1: OOO seq=203 buffered
[[1;34m22:55:50[0m] [133064084133440] socket 1: OOO seq=204 buffered
[[1;34m22:55:50[0m] [133064084133440] socket 1: OOO seq=205 buffered
[[1;34m22:55:50[0m] [133064084133440] socket 1: OOO seq=206 buffered
[[1;34m22:55:50[0m] [133064084133440] socket 1: PACKET_DROPPED (simulated loss)
[[1;34m22:55:54[0m] [133064075740736] socket 0: TIMEOUT_RETRANSMITTING=7 messages
[[1;34m22:55:54[0m] [133064084133440] socket 0: PACKET_DROPPED (simulated loss)
[[1;34m22:55:54[0m] [133064084133440] socket 1: DATA seq=202 ACK=206 win=5
[[1;34m22:55:54[0m] [133064084133440] socket 0: ACK ack=206 new_win=5
[[1;34m22:55:54[0m] [133064084133440] socket 0: ACK ack=206 new_win=5
[[1;34m22:55:54[0m] [133064084133440] socket 0: ACK ack=206 new_win=5
[[1;34m22:55:54[0m] [133064084133440] socket 0: ACK ack=206 new_win=5
[[1;34m22:55:54[0m] [133064084133440] socket 0: PACKET_DROPPED (simulated loss)
[[1;34m22:55:54[0m] [133064084133440] socket 1: DATA seq=207 ACK=207 win=4
[[1;34m22:55:54[0m] [133064084133440] socket 0: ACK ack=207 new_win=4
[[1;34m22:55:56[0m] [133064075740736] socket 0: SENT_SEGMENT=208 unacked=1
[[1;34m22:55:56[0m] [133064075740736] socket 0: SENT_SEGMENT=209 unacked=2
[[1;34m22:55:56[0m] [133064075740736] socket 0: SENT_SEGMENT=210 unacked=3
[[1;34m22:55:56[0m] [133064075740736] socket 0: SENT_SEGMENT=211 unacked=4
[[1;34m22:55:56[0m] [133064084133440] socket 1: DATA seq=208 ACK=208 win=9
[[1;34m22:55:56[0m] [133064084133440] socket 0: ACK ack=208 new_win=9
[[1;34m22:55:56[0m] [133064084133440] socket 1: DATA seq=209 ACK=209 win=8
[[1;34m22:55:56[0m] [133064084133440] socket 0: PACKET_DROPPED (simulated loss)
[[1;34m22:55:56[0m] [133064084133440] socket 1: PACKET_DROPPED (simulated loss)
[[1;34m22:55:56[0m] [133064084133440] socket 1: OOO seq=211 buffered
[[1;34m22:55:58[0m] [133064075740736] socket 0: SENT_SEGMENT=212 unacked=4
[[1;34m22:55:58[0m] [133064075740736] socket 0: SENT_SEGMENT=213 unacked=5
[[1;34m22:55:58[0m] [133064075740736] socket 0: SENT_SEGMENT=214 unacked=6
[[1;34m22:55:58[0m] [133064075740736] socket 0: SENT_SEGMENT=215 unacked=7
[[1;34m22:55:58[0m] [133064075740736] socket 0: SENT_SEGMENT=216 unacked=8
[[1;34m22:55:58[0m] [133064075740736] socket 0: SENT_SEGMENT=217 unacked=9
[[1;34m22:55:58[0m] [133064084133440] socket 1: OOO seq=212 buffered
[[1;34m22:55:58[0m] [133064084133440] socket 1: OOO seq=213 buffered
[[1;34m22:55:58[0m] [133064084133440] socket 1: PACKET_DROPPED (simulated loss)
[[1;34m22:55:58[0m] [133064084133440] socket 1: PACKET_DROPPED (simulated loss)
[[1;34m22:55:58[0m] [133064084133440] socket 1: OOO seq=216 buffered
[[1;34m22:55:58[0m] [133064084133440] socket 1: PACKET_DROPPED (simulated loss)
[[1;34m22:56:02[0m] [133064075740736] socket 0: TIMEOUT_RETRANSMITTING=9 messages
[[1;34m22:56:02[0m] [133064084133440] socket 0: PACKET_DROPPED (simulated loss)
[[1;34m22:56:02[0m] [133064084133440] socket 1: DATA seq=210 ACK=213 win=6
[[1;34m22:56:02[0m] [133064084133440] socket 0: ACK ack=213 new_win=6
[[1;34m22:56:02[0m] [133064084133440] socket 0: ACK ack=213 new_win=6
[[1;34m22:56:02[0m] [133064084133440] socket 0: ACK ack=213 new_win=6
[[1;34m22:56:02[0m] [133064084133440] socket 0: ACK ack=213 new_win=6
[[1;34m22:56:02[0m] [133064084133440] socket 1: DATA seq=214 ACK=214 win=5
[[1;34m22:56:02[0m] [133064084133440] socket 0: ACK ack=214 new_win=5
[[1;34m22:56:02[0m] [133064084133440] socket 1: DATA seq=215 ACK=216 win=3
[[1;34m22:56:02[0m] [133064084133440] socket 0: ACK ack=216 new_win=3
[[1;34m22:56:02[0m] [133064084133440] socket 0: PACKET_DROPPED (simulated loss)
[[1;34m22:56:02[0m] [133064084133440] socket 1: DATA seq=217 ACK=217 win=2
[[1;34m22:56:02[0m] [133064084133440] socket 0: ACK ack=217 new_win=2
[[1;34m22:56:04[0m] [133064075740736] socket 0: SENT_SEGMENT=218 unacked=1
[[1;34m22:56:04[0m] [133064075740736] socket 0: SENT_SEGMENT=219 unacked=2
[[1;34m22:56:04[0m] [133064084133440] socket 1: DATA seq=218 ACK=218 win=9
[[1;34m22:56:04[0m] [133064084133440] socket 0: ACK ack=218 new_win=9
[[1;34m22:56:04[0m] [133064084133440] socket 1: PACKET_DROPPED (simulated loss)
[[1;34m22:56:06[0m] [133064075740736] socket 0: SENT_SEGMENT=220 unacked=2
[[1;34m22:56:06[0m] [133064075740736] socket 0: SENT_SEGMENT=221 unacked=3
[[1;34m22:56:06[0m] [133064075740736] socket 0: SENT_SEGMENT=222 unacked=4
[[1;34m22:56:06[0m] [133064075740736] socket 0: SENT_SEGMENT=223 unacked=5
[[1;34m22:56:06[0m] [133064075740736] socket 0: SENT_SEGMENT=224 unacked=6
[[1;34m22:56:06[0m] [133064075740736] socket 0: SENT_SEGMENT=225 unacked=7
[[1;34m22:56:06[0m] [133064075740736] socket 0: SENT_SEGMENT=226 unacked=8
[[1;34m22:56:06[0m] [133064075740736] socket 0: SENT_SEGMENT=227 unacked=9
[[1;34m22:56:06[0m] [133064084133440] socket 1: OOO seq=220 buffered
[[1;34m22:56:06[0m] [133064084133440] socket 1: OOO seq=221 buffered
[[1;34m22:56:06[0m] [133064084133440] socket 1: OOO seq=222 buffered
[[1;34m22:56:06[0m] [133064084133440] socket 1: OOO seq=223 buffered
[[1;34m22:56:06[0m] [133064084133440] socket 1: OOO seq=224 buffered
[[1;34m22:56:06[0m] [133064084133440] socket 1: OOO seq=225 buffered
[[1;34m22:56:06[0m] [133064084133440] socket 1: OOO seq=226 buffered
[[1;34m22:56:06[0m] [133064084133440] socket 1: OOO seq=227 buffered
[[1;34m22:56:10[0m] [133064075740736] socket 0: TIMEOUT_RETRANSMITTING=9 messages
[[1;34m22:56:10[0m] [133064084133440] socket 1: DATA seq=219 ACK=227 win=1
[[1;34m22:56:10[0m] [133064084133440] socket 0: ACK ack=227 new_win=1
[[1;34m22:56:10[0m] [133064084133440] socket 0: ACK ack=227 new_win=1
[[1;34m22:56:10[0m] [133064084133440] socket 0: ACK ack=227 new_win=1
[[1;34m22:56:10[0m] [133064084133440] socket 1: PACKET_DROPPED (simulated loss)
[[1;34m22:56:10[0m] [133064084133440] socket 0: ACK ack=227 new_win=1
[[1;34m22:56:10[0m] [133064084133440] socket 0: ACK ack=227 new_win=1
[[1;34m22:56:10[0m] [133064084133440] socket 1: PACKET_DROPPED (simulated loss)
[[1;34m22:56:10[0m] [133064084133440] socket 0: PACKET_DROPPED (simulated loss)
[[1;34m22:56:10[0m] [133064084133440] socket 0: ACK ack=227 new_win=1
[[1;34m22:56:12[0m] [133064075740736] socket 0: SENT_SEGMENT=228 unacked=1
[[1;34m22:56:12[0m] [133064084133440] socket 1: DATA seq=228 ACK=228 win=9
[[1;34m22:56:12[0m] [133064084133440] socket 0: ACK ack=228 new_win=9
[[1;34m22:56:14[0m] [133064075740736] socket 0: SENT_SEGMENT=229 unacked=1
[[1;34m22:56:14[0m] [133064075740736] socket 0: SENT_SEGMENT=230 unacked=2
[[1;34m22:56:14[0m] [133064075740736] socket 0: SENT_SEGMENT=231 unacked=3
[[1;34m22:56:14[0m] [133064075740736] socket 0: SENT_SEGMENT=232 unacked=4
[[1;34m22:56:14[0m] [133064075740736] socket 0: SENT_SEGMENT=233 unacked=5
[[1;34m22:56:14[0m] [133064075740736] socket 0: SENT_SEGMENT=234 unacked=6
[[1;34m22:56:14[0m] [133064075740736] socket 0: SENT_SEGMENT=235 unacked=7
[[1;34m22:56:14[0m] [133064075740736] socket 0: SENT_SEGMENT=236 unacked=8
[[1;34m22:56:14[0m] [133064075740736] socket 0: SENT_SEGMENT=237 unacked=9
[[1;34m22:56:14[0m] [133064084133440] socket 1: DATA seq=229 ACK=229 win=9
[[1;34m22:56:14[0m] [133064084133440] socket 0: ACK ack=229 new_win=9
[[1;34m22:56:14[0m] [133064084133440] socket 1: DATA seq=230 ACK=230 win=8
[[1;34m22:56:14[0m] [133064084133440] socket 0: ACK ack=230 new_win=8
[[1;34m22:56:14[0m] [133064084133440] socket 1: DATA seq=231 ACK=231 win=7
[[1;34m22:56:14[0m] [133064084133440] socket 0: ACK ack=231 new_win=7
[[1;34m22:56:14[0m] [133064084133440] socket 1: PACKET_DROPPED (simulated loss)
[[1;34m22:56:14[0m] [133064084133440] socket 1: OOO seq=233 buffered
[[1;34m22:56:14[0m] [133064084133440] socket 1: OOO seq=234 buffered
[[1;34m22:56:14[0m] [133064084133440] socket 1: OOO seq=235 buffered
[[1;34m22:56:14[0m] [133064084133440] socket 1: OOO seq=236 buffered
[[1;34m22:56:14[0m] [133064084133440] socket 1: PACKET_DROPPED (simulated loss)
[[1;34m22:56:16[0m] [133064075740736] socket 0: SENT_SEGMENT=238 unacked=7
[[1;34m22:56:16[0m] [133064084133440] socket 1: OOO seq=238 buffered
[[1;34m22:56:20[0m] [133064075740736] socket 0: TIMEOUT_RETRANSMITTING=7 messages
[[1;34m22:56:20[0m] [133064084133440] socket 1: DATA seq=232 ACK=236 win=5
[[1;34m22:56:20[0m] [133064084133440] socket 0: PACKET_DROPPED (simulated loss)
[[1;34m22:56:20[0m] [133064084133440] socket 0: ACK ack=236 new_win=5
[[1;34m22:56:20[0m] [133064084133440] socket 0: PACKET_DROPPED (simulated loss)
[[1;34m22:56:20[0m] [133064084133440] socket 0: ACK ack=236 new_win=5
[[1;34m22:56:20[0m] [133064084133440] socket 0: PACKET_DROPPED (simulated loss)
[[1;34m22:56:20[0m] [133064084133440] socket 1: PACKET_DROPPED (simulated loss)
[[1;34m22:56:22[0m] [133064075740736] socket 0: SENT_SEGMENT=239 unacked=3
[[1;34m22:56:22[0m] [133064075740736] socket 0: SENT_SEGMENT=240 unacked=4
[[1;34m22:56:22[0m] [133064075740736] socket 0: SENT_SEGMENT=241 unacked=5
[[1;34m22:56:22[0m] [133064084133440] socket 1: OOO seq=239 buffered
[[1;34m22:56:22[0m] [133064084133440] socket 1: PACKET_DROPPED (simulated loss)
[[1;34m22:56:22[0m] [133064084133440] socket 1: OOO seq=241 buffered
[[1;34m22:56:26[0m] [133064075740736] socket 0: TIMEOUT_RETRANSMITTING=5 messages
[[1;34m22:56:26[0m] [133064084133440] socket 1: DATA seq=237 ACK=239 win=7
[[1;34m22:56:26[0m] [133064084133440] socket 0: PACKET_DROPPED (simulated loss)
[[1;34m22:56:26[0m] [133064084133440] socket 0: ACK ack=239 new_win=7
[[1;34m22:56:26[0m] [133064084133440] socket 0: ACK ack=239 new_win=7
[[1;34m22:56:26[0m] [133064084133440] socket 1: DATA seq=240 ACK=241 win=5
[[1;34m22:56:26[0m] [133064084133440] socket 0: ACK ack=241 new_win=5
[[1;34m22:56:26[0m] [133064084133440] socket 0: ACK ack=241 new_win=5
[[1;34m22:56:28[0m] [133064075740736] socket 0: SENT_SEGMENT=242 unacked=1
[[1;34m22:56:28[0m] [133064075740736] socket 0: SENT_SEGMENT=243 unacked=2
[[1;34m22:56:28[0m] [133064075740736] socket 0: SENT_SEGMENT=244 unacked=3
[[1;34m22:56:28[0m] [133064075740736] socket 0: SENT_SEGMENT=245 unacked=4
[[1;34m22:56:28[0m] [133064075740736] socket 0: SENT_SEGMENT=246 unacked=5
[[1;34m22:56:28[0m] [133064084133440] socket 1: DATA seq=242 ACK=242 win=9
[[1;34m22:56:28[0m] [133064084133440] socket 0: ACK ack=242 new_win=9
[[1;34m22:56:28[0m] [133064084133440] socket 1: DATA seq=243 ACK=243 win=8
[[1;34m22:56:28[0m] [133064084133440] socket 0: PACKET_DROPPED (simulated loss)
[[1;34m22:56:28[0m] [133064084133440] socket 1: DATA seq=244 ACK=244 win=7
[[1;34m22:56:28[0m] [133064084133440] socket 0: ACK ack=244 new_win=7
[[1;34m22:56:28[0m] [133064084133440] socket 1: DATA seq=245 ACK=245 win=6
[[1;34m22:56:28[0m] [133064084133440] socket 0: ACK ack=245 new_win=6
[[1;34m22:56:28[0m] [133064084133440] socket 1: PACKET_DROPPED (simulated loss)
[[1;34m22:56:30[0m] [133064075740736] socket 0: SENT_SEGMENT=247 unacked=2
[[1;34m22:56:30[0m] [133064075740736] socket 0: SENT_SEGMENT=248 unacked=3
[[1;34m22:56:30[0m] [133064075740736] socket 0: SENT_SEGMENT=249 unacked=4
[[1;34m22:56:30[0m] [133064075740736] socket 0: SENT_SEGMENT=250 unacked=5
[[1;34m22:56:30[0m] [133064075740736] socket 0: SENT_SEGMENT=251 unacked=6
[[1;34m22:56:30[0m] [133064084133440] socket 1: OOO seq=247 buffered
[[1;34m22:56:30[0m] [133064084133440] socket 1: OOO seq=248 buffered
[[1;34m22:56:30[0m] [133064084133440] socket 1: PACKET_DROPPED (simulated loss)
[[1;34m22:56:30[0m] [133064084133440] socket 1: OOO seq=250 buffered
[[1;34m22:56:30[0m] [133064084133440] socket 1: OOO seq=251 buffered
[[1;34m22:56:34[0m] [133064075740736] socket 0: TIMEOUT_RETRANSMITTING=6 messages
[[1;34m22:56:34[0m] [133064084133440] socket 1: DATA seq=246 ACK=248 win=7
[[1;34m22:56:34[0m] [133064084133440] socket 0: ACK ack=248 new_win=7
[[1;34m22:56:34[0m] [133064084133440] socket 0: ACK ack=248 new_win=7
[[1;34m22:56:34[0m] [133064084133440] socket 0: ACK ack=248 new_win=7
[[1;34m22:56:34[0m] [133064084133440] socket 1: DATA seq=249 ACK=251 win=4
[[1;34m22:56:34[0m] [133064084133440] socket 0: ACK ack=251 new_win=4
[[1;34m22:56:34[0m] [133064084133440] socket 0: ACK ack=251 new_win=4
[[1;34m22:56:34[0m] [133064084133440] socket 1: PACKET_DROPPED (simulated loss)
[[1;34m22:56:36[0m] [133064075740736] socket 0: SENT_SEGMENT=252 unacked=1
[[1;34m22:56:36[0m] [133064075740736] socket 0: SENT_SEGMENT=253 unacked=2
[[1;34m22:56:36[0m] [133064075740736] socket 0: SENT_SEGMENT=254 unacked=3
[[1;34m22:56:36[0m] [133064075740736] socket 0: SENT_SEGMENT=4294967295 unacked=4
[[1;34m22:56:36[0m] [133064084133440] socket 1: DATA seq=252 ACK=252 win=9
[[1;34m22:56:36[0m] [133064084133440] socket 0: ACK ack=252 new_win=9
[[1;34m22:56:36[0m] [133064084133440] socket 1: DATA seq=253 ACK=253 win=8
[[1;34m22:56:36[0m] [133064084133440] socket 0: PACKET_DROPPED (simulated loss)
[[1;34m22:56:36[0m] [133064084133440] socket 1: DATA seq=254 ACK=254 win=7
[[1;34m22:56:36[0m] [133064084133440] socket 0: ACK ack=254 new_win=7
[[1;34m22:56:36[0m] [133064084133440] socket 1: DATA seq=255 ACK=255 win=6
[[1;34m22:56:36[0m] [133064084133440] socket 0: PACKET_DROPPED (simulated loss)
[[1;34m22:56:38[0m] [133064075740736] socket 0: SENT_SEGMENT=0 unacked=2
[[1;34m22:56:38[0m] [133064075740736] socket 0: SENT_SEGMENT=1 unacked=3
[[1;34m22:56:38[0m] [133064075740736] socket 0: SENT_SEGMENT=2 unacked=4
[[1;34m22:56:38[0m] [133064075740736] socket 0: SENT_SEGMENT=3 unacked=5
[[1;34m22:56:38[0m] [133064075740736] socket 0: SENT_SEGMENT=4 unacked=6
[[1;34m22:56:38[0m] [133064075740736] socket 0: SENT_SEGMENT=5 unacked=7
[[1;34m22:56:38[0m] [133064084133440] socket 1: DATA seq=0 ACK=0 win=9
[[1;34m22:56:38[0m] [133064084133440] socket 0: ACK ack=0 new_win=9
[[1;34m22:56:38[0m] [133064084133440] socket 1: DATA seq=1 ACK=1 win=8
[[1;34m22:56:38[0m] [133064084133440] socket 0: ACK ack=1 new_win=8
[[1;34m22:56:38[0m] [133064084133440] socket 1: DATA seq=2 ACK=2 win=7
[[1;34m22:56:38[0m] [133064084133440] socket 0: ACK ack=2 new_win=7
[[1;34m22:56:38[0m] [133064084133440] socket 1: DATA seq=3 ACK=3 win=6
[[1;34m22:56:38[0m] [133064084133440] socket 0: ACK ack=3 new_win=6
[[1;34m22:56:38[0m] [133064084133440] socket 1: DATA seq=4 ACK=4 win=5
[[1;34m22:56:38[0m] [133064084133440] socket 0: ACK ack=4 new_win=5
[[1;34m22:56:38[0m] [133064084133440] socket 1: DATA seq=5 ACK=5 win=4
[[1;34m22:56:38[0m] [133064084133440] socket 0: ACK ack=5 new_win=4
[[1;34m22:56:40[0m] [133064075740736] socket 0: SENT_SEGMENT=6 unacked=1
[[1;34m22:56:40[0m] [133064075740736] socket 0: SENT_SEGMENT=7 unacked=2
[[1;34m22:56:40[0m] [133064075740736] socket 0: SENT_SEGMENT=8 unacked=3
[[1;34m22:56:40[0m] [133064075740736] socket 0: SENT_SEGMENT=9 unacked=4
[[1;34m22:56:40[0m] [133064084133440] socket 1: DATA seq=6 ACK=6 win=9
[[1;34m22:56:40[0m] [133064084133440] socket 0: ACK ack=6 new_win=9
[[1;34m22:56:40[0m] [133064084133440] socket 1: DATA seq=7 ACK=7 win=8
[[1;34m22:56:40[0m] [133064084133440] socket 0: PACKET_DROPPED (simulated loss)
[[1;34m22:56:40[0m] [133064084133440] socket 1: DATA seq=8 ACK=8 win=7
[[1;34m22:56:40[0m] [133064084133440] socket 0: ACK ack=8 new_win=7
[[1;34m22:56:40[0m] [133064084133440] socket 1: DATA seq=9 ACK=9 win=6
[[1;34m22:56:40[0m] [133064084133440] socket 0: ACK ack=9 new_win=6
[[1;34m22:56:42[0m] [133064075740736] socket 0: SENT_SEGMENT=10 unacked=1
[[1;34m22:56:42[0m] [133064075740736] socket 0: SENT_SEGMENT=11 unacked=2
[[1;34m22:56:42[0m] [133064075740736] socket 0: SENT_SEGMENT=12 unacked=3
[[1;34m22:56:42[0m] [133064075740736] socket 0: SENT_SEGMENT=13 unacked=4
[[1;34m22:56:42[0m] [133064075740736] socket 0: SENT_SEGMENT=14 unacked=5
[[1;34m22:56:42[0m] [133064075740736] socket 0: SENT_SEGMENT=15 unacked=6
[[1;34m22:56:42[0m] [133064084133440] socket 1: DATA seq=10 ACK=10 win=9
[[1;34m22:56:42[0m] [133064084133440] socket 0: ACK ack=10 new_win=9
[[1;34m22:56:42[0m] [133064084133440] socket 1: DATA seq=11 ACK=11 win=8
[[1;34m22:56:42[0m] [133064084133440] socket 0: ACK ack=11 new_win=8
[[1;34m22:56:42[0m] [133064084133440] socket 1: DATA seq=12 ACK=12 win=7
[[1;34m22:56:42[0m] [133064084133440] socket 0: ACK ack=12 new_win=7
[[1;34m22:56:42[0m] [133064084133440] socket 1: DATA seq=13 ACK=13 win=6
[[1;34m22:56:42[0m] [133064084133440] socket 0: PACKET_DROPPED (simulated loss)
[[1;34m22:56:42[0m] [133064084133440] socket 1: PACKET_DROPPED (simulated loss)
[[1;34m22:56:42[0m] [133064084133440] socket 1: OOO seq=15 buffered
[[1;34m22:56:44[0m] [133064075740736] socket 0: SENT_SEGMENT=16 unacked=4
[[1;34m22:56:44[0m] [133064075740736] socket 0: SENT_SEGMENT=17 unacked=5
[[1;34m22:56:44[0m] [133064075740736] socket 0: SENT_SEGMENT=18 unacked=6
[[1;34m22:56:44[0m] [133064075740736] socket 0: SENT_SEGMENT=19 unacked=7
[[1;34m22:56:44[0m] [133064084133440] socket 1: OOO seq=16 buffered
[[1;34m22:56:44[0m] [133064084133440] socket 1: OOO seq=17 buffered
[[1;34m22:56:44[0m] [133064084133440] socket 1: OOO seq=18 buffered
[[1;34m22:56:44[0m] [133064084133440] socket 1: OOO seq=19 buffered
[[1;34m22:56:48[0m] [133064075740736] socket 0: TIMEOUT_RETRANSMITTING=7 messages
[[1;34m22:56:48[0m] [133064084133440] socket 0: ACK ack=13 new_win=10
[[1;34m22:56:48[0m] [133064084133440] socket 1: DATA seq=14 ACK=19 win=4
[[1;34m22:56:48[0m] [133064084133440] socket 0: PACKET_DROPPED (simulated loss)
[[1;34m22:56:48[0m] [133064084133440] socket 0: ACK ack=19 new_win=4
[[1;34m22:56:48[0m] [133064084133440] socket 0: ACK ack=19 new_win=4
[[1;34m22:56:48[0m] [133064084133440] socket 0: ACK ack=19 new_win=4
[[1;34m22:56:48[0m] [133064084133440] socket 1: PACKET_DROPPED (simulated loss)
[[1;34m22:56:48[0m] [133064084133440] socket 0: ACK ack=19 new_win=4
[[1;34m22:56:50[0m] [133064075740736] socket 0: SENT_SEGMENT=20 unacked=1
[[1;34m22:56:50[0m] [133064075740736] socket 0: SENT_SEGMENT=21 unacked=2
[[1;34m22:56:50[0m] [133064075740736] socket 0: SENT_SEGMENT=22 unacked=3
[[1;34m22:56:50[0m] [133064075740736] socket 0: SENT_SEGMENT=23 unacked=4
[[1;34m22:56:50[0m] [133064084133440] socket 1: DATA seq=20 ACK=20 win=9
[[1;34m22:56:50[0m] [133064084133440] socket 0: ACK ack=20 new_win=9
[[1;34m22:56:50[0m] [133064084133440] socket 1: PACKET_DROPPED (simulated loss)
[[1;34m22:56:50[0m] [133064084133440] socket 1: OOO seq=22 buffered
[[1;34m22:56:50[0m] [133064084133440] socket 1: OOO seq=23 buffered
[[1;34m22:56:52[0m] [133064075740736] socket 0: SENT_SEGMENT=24 unacked=4
[[1;34m22:56:52[0m] [133064075740736] socket 0: SENT_SEGMENT=25 unacked=5
[[1;34m22:56:52[0m] [133064075740736] socket 0: SENT_SEGMENT=26 unacked=6
[[1;34m22:56:52[0m] [133064075740736] socket 0: SENT_SEGMENT=27 unacked=7
[[1;34m22:56:52[0m] [133064075740736] socket 0: SENT_SEGMENT=28 unacked=8
[[1;34m22:56:52[0m] [133064075740736] socket 0: SENT_SEGMENT=29 unacked=9
[[1;34m22:56:52[0m] [133064084133440] socket 1: OOO seq=24 buffered
[[1;34m22:56:52[0m] [133064084133440] socket 1: OOO seq=25 buffered
[[1;34m22:56:52[0m] [133064084133440] socket 1: OOO seq=26 buffered
[[1;34m22:56:52[0m] [133064084133440] socket 1: OOO seq=27 buffered
[[1;34m22:56:52[0m] [133064084133440] socket 1: OOO seq=28 buffered
[[1;34m22:56:52[0m] [133064084133440] socket 1: OOO seq=29 buffered
[[1;34m22:56:56[0m] [133064075740736] socket 0: TIMEOUT_RETRANSMITTING=9 messages
[[1;34m22:56:56[0m] [133064084133440] socket 1: DATA seq=21 ACK=29 win=1
[[1;34m22:56:56[0m] [133064084133440] socket 0: ACK ack=29 new_win=1
[[1;34m22:56:56[0m] [133064084133440] socket 0: PACKET_DROPPED (simulated loss)
[[1;34m22:56:56[0m] [133064084133440] socket 0: ACK ack=29 new_win=1
[[1;34m22:56:56[0m] [133064084133440] socket 1: PACKET_DROPPED (simulated loss)
[[1;34m22:56:56[0m] [133064084133440] socket 0: ACK ack=29 new_win=1
[[1;34m22:56:56[0m] [133064084133440] socket 0: ACK ack=29 new_win=1
[[1;34m22:56:56[0m] [133064084133440] socket 0: PACKET_DROPPED (simulated loss)
[[1;34m22:56:56[0m] [133064084133440] socket 0: ACK ack=29 new_win=1
[[1;34m22:56:56[0m] [133064084133440] socket 1: PACKET_DROPPED (simulated loss)
[[1;34m22:56:58[0m] [133064075740736] socket 0: SENT_SEGMENT=30 unacked=1
[[1;34m22:56:58[0m] [133064084133440] socket 1: DATA seq=30 ACK=30 win=9
[[1;34m22:56:58[0m] [133064084133440] socket 0: ACK ack=30 new_win=9
[[1;34m22:57:00[0m] [133064075740736] socket 0: SENT_SEGMENT=31 unacked=1
[[1;34m22:57:00[0m] [133064075740736] socket 0: SENT_SEGMENT=32 unacked=2
[[1;34m22:57:00[0m] [133064075740736] socket 0: SENT_SEGMENT=33 unacked=3
[[1;34m22:57:00[0m] [133064075740736] socket 0: SENT_SEGMENT=34 unacked=4
[[1;34m22:57:00[0m] [133064075740736] socket 0: SENT_SEGMENT=35 unacked=5
[[1;34m22:57:00[0m] [133064075740736] socket 0: SENT_SEGMENT=36 unacked=6
[[1;34m22:57:00[0m] [133064075740736] socket 0: SENT_SEGMENT=37 unacked=7
[[1;34m22:57:00[0m] [133064075740736] socket 0: SENT_SEGMENT=38 unacked=8
[[1;34m22:57:00[0m] [133064075740736] socket 0: SENT_SEGMENT=39 unacked=9
[[1;34m22:57:00[0m] [133064084133440] socket 1: PACKET_DROPPED (simulated loss)
[[1;34m22:57:00[0m] [133064084133440] socket 1: OOO seq=32 buffered
[[1;34m22:57:00[0m] [133064084133440] socket 1: OOO seq=33 buffered
[[1;34m22:57:00[0m] [133064084133440] socket 1: OOO seq=34 buffered
[[1;34m22:57:00[0m] [133064084133440] socket 1: OOO seq=35 buffered
[[1;34m22:57:00[0m] [133064084133440] socket 1: OOO seq=36 buffered
[[1;34m22:57:00[0m] [133064084133440] socket 1: OOO seq=37 buffered
[[1;34m22:57:00[0m] [133064084133440] socket 1: OOO seq=38 buffered
[[1;34m22:57:00[0m] [133064084133440] socket 1: OOO seq=39 buffered
[[1;34m22:57:06[0m] [133064075740736] socket 0: TIMEOUT_RETRANSMITTING=9 messages
[[1;34m22:57:06[0m] [133064084133440] socket 1: DATA seq=31 ACK=39 win=1
[[1;34m22:57:06[0m] [133064084133440] socket 0: ACK ack=39 new_win=1
[[1;34m22:57:06[0m] [133064084133440] socket 0: ACK ack=39 new_win=1
[[1;34m22:57:06[0m] [133064084133440] socket 0: ACK ack=39 new_win=1
[[1;34m22:57:06[0m] [133064084133440] socket 0: ACK ack=39 new_win=1
[[1;34m22:57:06[0m] [133064084133440] socket 0: ACK ack=39 new_win=1
[[1;34m22:57:06[0m] [133064084133440] socket 0: ACK ack=39 new_win=1
[[1;34m22:57:06[0m] [133064084133440] socket 0: ACK ack=39 new_win=1
[[1;34m22:57:06[0m] [133064084133440] socket 1: PACKET_DROPPED (simulated loss)
[[1;34m22:57:06[0m] [133064084133440] socket 0: PACKET_DROPPED (simulated loss)
[[1;34m22:57:08[0m] [133064075740736] socket 0: SENT_SEGMENT=40 unacked=1
[[1;34m22:57:08[0m] [133064084133440] socket 1: DATA seq=40 ACK=40 win=9
[[1;34m22:57:08[0m] [133064084133440] socket 0: PACKET_DROPPED (simulated loss)
[[1;34m22:57:14[0m] [133064075740736] socket 0: TIMEOUT_RETRANSMITTING=1 messages
[[1;34m22:57:14[0m] [133064084133440] socket 0: ACK ack=40 new_win=10
[[1;34m22:57:16[0m] [133064075740736] socket 0: SENT_SEGMENT=41 unacked=1
[[1;34m22:57:16[0m] [133064075740736] socket 0: SENT_SEGMENT=42 unacked=2
[[1;34m22:57:16[0m] [133064075740736] socket 0: SENT_SEGMENT=43 unacked=3
[[1;34m22:57:16[0m] [133064075740736] socket 0: SENT_SEGMENT=44 unacked=4
[[1;34m22:57:16[0m] [133064075740736] socket 0: SENT_SEGMENT=45 unacked=5
[[1;34m22:57:16[0m] [133064075740736] socket 0: SENT_SEGMENT=46 unacked=6
[[1;34m22:57:16[0m] [133064075740736] socket 0: SENT_SEGMENT=47 unacked=7
[[1;34m22:57:16[0m] [133064075740736] socket 0: SENT_SEGMENT=48 unacked=8
[[1;34m22:57:16[0m] [133064075740736] socket 0: SENT_SEGMENT=49 unacked=9
[[1;34m22:57:16[0m] [133064075740736] socket 0: SENT_SEGMENT=50 unacked=10
[[1;34m22:57:16[0m] [133064084133440] socket 1: DATA seq=41 ACK=41 win=9
[[1;34m22:57:16[0m] [133064084133440] socket 0: ACK ack=41 new_win=9
[[1;34m22:57:16[0m] [133064084133440] socket 1: PACKET_DROPPED (simulated loss)
[[1;34m22:57:16[0m] [133064084133440] socket 1: OOO seq=43 buffered
[[1;34m22:57:16[0m] [133064084133440] socket 1: OOO seq=44 buffered
[[1;34m22:57:16[0m] [133064084133440] socket 1: OOO seq=45 buffered
[[1;34m22:57:16[0m] [133064084133440] socket 1: OOO seq=46 buffered
[[1;34m22:57:16[0m] [133064084133440] socket 1: OOO seq=47 buffered
[[1;34m22:57:16[0m] [133064084133440] socket 1: OOO seq=48 buffered
[[1;34m22:57:16[0m] [133064084133440] socket 1: OOO seq=49 buffered
[[1;34m22:57:16[0m] [133064084133440] socket 1: OOO seq=50 buffered
[[1;34m22:57:22[0m] [133064075740736] socket 0: TIMEOUT_RETRANSMITTING=9 messages
[[1;34m22:57:22[0m] [133064084133440] socket 1: DATA seq=42 ACK=50 win=1
[[1;34m22:57:22[0m] [133064084133440] socket 0: ACK ack=50 new_win=1
[[1;34m22:57:22[0m] [133064084133440] socket 0: ACK ack=50 new_win=1
[[1;34m22:57:22[0m] [133064084133440] socket 0: PACKET_DROPPED (simulated loss)
[[1;34m22:57:22[0m] [133064084133440] socket 0: PACKET_DROPPED (simulated loss)
[[1;34m22:57:22[0m] [133064084133440] socket 0: ACK ack=50 new_win=1
[[1;34m22:57:22[0m] [133064084133440] socket 0: ACK ack=50 new_win=1
[[1;34m22:57:22[0m] [133064084133440] socket 0: ACK ack=50 new_win=1
[[1;34m22:57:22[0m] [133064084133440] socket 0: ACK ack=50 new_win=1
[[1;34m22:57:22[0m] [133064084133440] socket 0: PACKET_DROPPED (simulated loss)
[[1;34m22:57:24[0m] [133064075740736] socket 0: SENT_SEGMENT=51 unacked=1
[[1;34m22:57:24[0m] [133064084133440] socket 1: DATA seq=51 ACK=51 win=9
[[1;34m22:57:24[0m] [133064084133440] socket 0: ACK ack=51 new_win=9
[[1;34m22:57:26[0m] [133064075740736] socket 0: SENT_SEGMENT=52 unacked=1
[[1;34m22:57:26[0m] [133064075740736] socket 0: SENT_SEGMENT=53 unacked=2
[[1;34m22:57:26[0m] [133064075740736] socket 0: SENT_SEGMENT=54 unacked=3
[[1;34m22:57:26[0m] [133064075740736] socket 0: SENT_SEGMENT=55 unacked=4
[[1;34m22:57:26[0m] [133064075740736] socket 0: SENT_SEGMENT=56 unacked=5
[[1;34m22:57:26[0m] [133064075740736] socket 0: SENT_SEGMENT=57 unacked=6
[[1;34m22:57:26[0m] [133064075740736] socket 0: SENT_SEGMENT=58 unacked=7
[[1;34m22:57:26[0m] [133064075740736] socket 0: SENT_SEGMENT=59 unacked=8
[[1;34m22:57:26[0m] [133064075740736] socket 0: SENT_SEGMENT=60 unacked=9
[[1;34m22:57:26[0m] [133064084133440] socket 1: DATA seq=52 ACK=52 win=9
[[1;34m22:57:26[0m] [133064084133440] socket 0: ACK ack=52 new_win=9
[[1;34m22:57:26[0m] [133064084133440] socket 1: DATA seq=53 ACK=53 win=8
[[1;34m22:57:26[0m] [133064084133440] socket 0: ACK ack=53 new_win=8
[[1;34m22:57:26[0m] [133064084133440] socket 1: DATA seq=54 ACK=54 win=7
[[1;34m22:57:26[0m] [133064084133440] socket 0: PACKET_DROPPED (simulated loss)
[[1;34m22:57:26[0m] [133064084133440] socket 1: DATA seq=55 ACK=55 win=6
[[1;34m22:57:26[0m] [133064084133440] socket 0: ACK ack=55 new_win=6
[[1;34m22:57:26[0m] [133064084133440] socket 1: DATA seq=56 ACK=56 win=5
[[1;34m22:57:26[0m] [133064084133440] socket 0: ACK ack=56 new_win=5
[[1;34m22:57:26[0m] [133064084133440] socket 1: DATA seq=57 ACK=57 win=4
[[1;34m22:57:26[0m] [133064084133440] socket 0: ACK ack=57 new_win=4
[[1;34m22:57:26[0m] [133064084133440] socket 1: DATA seq=58 ACK=58 win=3
[[1;34m22:57:26[0m] [133064084133440] socket 0: ACK ack=58 new_win=3
[[1;34m22:57:26[0m] [133064084133440] socket 1: DATA seq=59 ACK=59 win=2
[[1;34m22:57:26[0m] [133064084133440] socket 0: ACK ack=59 new_win=2
[[1;34m22:57:26[0m] [133064084133440] socket 1: DATA seq=60 ACK=60 win=1
[[1;34m22:57:26[0m] [133064084133440] socket 0: ACK ack=60 new_win=1
[[1;34m22:57:28[0m] [133064075740736] socket 0: SENT_SEGMENT=61 unacked=1
[[1;34m22:57:28[0m] [133064084133440] socket 1: PACKET_DROPPED (simulated loss)
[[1;34m22:57:34[0m] [133064075740736] socket 0: TIMEOUT_RETRANSMITTING=1 messages
[[1;34m22:57:34[0m] [133064084133440] socket 1: DATA seq=61 ACK=61 win=9
[[1;34m22:57:34[0m] [133064084133440] socket 0: ACK ack=61 new_win=9
[[1;34m22:57:36[0m] [133064075740736] socket 0: SENT_SEGMENT=62 unacked=1
[[1;34m22:57:36[0m] [133064075740736] socket 0: SENT_SEGMENT=63 unacked=2
[[1;34m22:57:36[0m] [133064075740736] socket 0: SENT_SEGMENT=64 unacked=3
[[1;34m22:57:36[0m] [133064075740736] socket 0: SENT_SEGMENT=65 unacked=4
[[1;34m22:57:36[0m] [133064075740736] socket 0: SENT_SEGMENT=66 unacked=5
[[1;34m22:57:36[0m] [133064075740736] socket 0: SENT_SEGMENT=67 unacked=6
[[1;34m22:57:36[0m] [133064075740736] socket 0: SENT_SEGMENT=68 unacked=7
[[1;34m22:57:36[0m] [133064075740736] socket 0: SENT_SEGMENT=69 unacked=8
[[1;34m22:57:36[0m] [133064075740736] socket 0: SENT_SEGMENT=70 unacked=9
[[1;34m22:57:36[0m] [133064084133440] socket 1: DATA seq=62 ACK=62 win=9
[[1;34m22:57:36[0m] [133064084133440] socket 0: ACK ack=62 new_win=9
[[1;34m22:57:36[0m] [133064084133440] socket 1: DATA seq=63 ACK=63 win=8
[[1;34m22:57:36[0m] [133064084133440] socket 0: ACK ack=63 new_win=8
[[1;34m22:57:36[0m] [133064084133440] socket 1: DATA seq=64 ACK=64 win=7
[[1;34m22:57:36[0m] [133064084133440] socket 0: ACK ack=64 new_win=7
[[1;34m22:57:36[0m] [133064084133440] socket 1: PACKET_DROPPED (simulated loss)
[[1;34m22:57:36[0m] [133064084133440] socket 1: OOO seq=66 buffered
[[1;34m22:57:36[0m] [133064084133440] socket 1: OOO seq=67 buffered
[[1;34m22:57:36[0m] [133064084133440] socket 1: OOO seq=68 buffered
[[1;34m22:57:36[0m] [133064084133440] socket 1: OOO seq=69 buffered
[[1;34m22:57:36[0m] [133064084133440] socket 1: OOO seq=70 buffered
[[1;34m22:57:38[0m] [133064075740736] socket 0: SENT_SEGMENT=71 unacked=7
[[1;34m22:57:38[0m] [133064084133440] socket 1: OOO seq=71 buffered
[[1;34m22:57:42[0m] [133064075740736] socket 0: TIMEOUT_RETRANSMITTING=7 messages
[[1;34m22:57:42[0m] [133064084133440] socket 1: DATA seq=65 ACK=71 win=3
[[1;34m22:57:42[0m] [133064084133440] socket 0: ACK ack=71 new_win=3
[[1;34m22:57:42[0m] [133064084133440] socket 0: ACK ack=71 new_win=3
[[1;34m22:57:42[0m] [133064084133440] socket 0: ACK ack=71 new_win=3
[[1;34m22:57:42[0m] [133064084133440] socket 0: ACK ack=71 new_win=3
[[1;34m22:57:42[0m] [133064084133440] socket 0: ACK ack=71 new_win=3
[[1;34m22:57:42[0m] [133064084133440] socket 0: ACK ack=71 new_win=3
[[1;34m22:57:42[0m] [133064084133440] socket 0: PACKET_DROPPED (simulated loss)
[[1;34m22:57:44[0m] [133064075740736] socket 0: SENT_SEGMENT=72 unacked=1
[[1;34m22:57:44[0m] [133064075740736] socket 0: SENT_SEGMENT=73 unacked=2
[[1;34m22:57:44[0m] [133064075740736] socket 0: SENT_SEGMENT=74 unacked=3
[[1;34m22:57:44[0m] [133064084133440] socket 1: PACKET_DROPPED (simulated loss)
[[1;34m22:57:44[0m] [133064084133440] socket 1: OOO seq=73 buffered
[[1;34m22:57:44[0m] [133064084133440] socket 1: OOO seq=74 buffered
[[1;34m22:57:50[0m] [133064075740736] socket 0: TIMEOUT_RETRANSMITTING=3 messages
[[1;34m22:57:50[0m] [133064084133440] socket 1: DATA seq=72 ACK=74 win=7
[[1;34m22:57:50[0m] [133064084133440] socket 0: PACKET_DROPPED (simulated loss)
[[1;34m22:57:50[0m] [133064084133440] socket 0: ACK ack=74 new_win=7
[[1;34m22:57:50[0m] [133064084133440] socket 0: ACK ack=74 new_win=7
[[1;34m22:57:52[0m] [133064075740736] socket 0: SENT_SEGMENT=75 unacked=1
[[1;34m22:57:52[0m] [133064075740736] socket 0: SENT_SEGMENT=76 unacked=2
[[1;34m22:57:52[0m] [133064075740736] socket 0: SENT_SEGMENT=77 unacked=3
[[1;34m22:57:52[0m] [133064075740736] socket 0: SENT_SEGMENT=78 unacked=4
[[1;34m22:57:52[0m] [133064075740736] socket 0: SENT_SEGMENT=79 unacked=5
[[1;34m22:57:52[0m] [133064075740736] socket 0: SENT_SEGMENT=80 unacked=6
[[1;34m22:57:52[0m] [133064075740736] socket 0: SENT_SEGMENT=81 unacked=7
[[1;34m22:57:52[0m] [133064084133440] socket 1: DATA seq=75 ACK=75 win=9
[[1;34m22:57:52[0m] [133064084133440] socket 0: ACK ack=75 new_win=9
[[1;34m22:57:52[0m] [133064084133440] socket 1: DATA seq=76 ACK=76 win=8
[[1;34m22:57:52[0m] [133064084133440] socket 0: ACK ack=76 new_win=8
[[1;34m22:57:52[0m] [133064084133440] socket 1: DATA seq=77 ACK=77 win=7
[[1;34m22:57:52[0m] [133064084133440] socket 0: ACK ack=77 new_win=7
[[1;34m22:57:52[0m] [133064084133440] socket 1: DATA seq=78 ACK=78 win=6
[[1;34m22:57:52[0m] [133064084133440] socket 0: ACK ack=78 new_win=6
[[1;34m22:57:52[0m] [133064084133440] socket 1: DATA seq=79 ACK=79 win=5
[[1;34m22:57:52[0m] [133064084133440] socket 0: ACK ack=79 new_win=5
[[1;34m22:57:52[0m] [133064084133440] socket 1: DATA seq=80 ACK=80 win=4
[[1;34m22:57:52[0m] [133064084133440] socket 0: ACK ack=80 new_win=4
[[1;34m22:57:52[0m] [133064084133440] socket 1: DATA seq=81 ACK=81 win=3
[[1;34m22:57:52[0m] [133064084133440] socket 0: ACK ack=81 new_win=3
[[1;34m22:57:54[0m] [133064075740736] socket 0: SENT_SEGMENT=82 unacked=1
[[1;34m22:57:54[0m] [133064075740736] socket 0: SENT_SEGMENT=83 unacked=2
[[1;34m22:57:54[0m] [133064075740736] socket 0: SENT_SEGMENT=84 unacked=3
[[1;34m22:57:54[0m] [133064084133440] socket 1: DATA seq=82 ACK=82 win=9
[[1;34m22:57:54[0m] [133064084133440] socket 0: ACK ack=82 new_win=9
[[1;34m22:57:54[0m] [133064084133440] socket 1: DATA seq=83 ACK=83 win=8
[[1;34m22:57:54[0m] [133064084133440] socket 0: ACK ack=83 new_win=8
[[1;34m22:57:54[0m] [133064084133440] socket 1: PACKET_DROPPED (simulated loss)
[[1;34m22:57:56[0m] [133064075740736] socket 0: SENT_SEGMENT=85 unacked=2
[[1;34m22:57:56[0m] [133064075740736] socket 0: SENT_SEGMENT=86 unacked=3
[[1;34m22:57:56[0m] [133064075740736] socket 0: SENT_SEGMENT=87 unacked=4
[[1;34m22:57:56[0m] [133064075740736] socket 0: SENT_SEGMENT=88 unacked=5
[[1;34m22:57:56[0m] [133064075740736] socket 0: SENT_SEGMENT=89 unacked=6
[[1;34m22:57:56[0m] [133064075740736] socket 0: SENT_SEGMENT=90 unacked=7
[[1;34m22:57:56[0m] [133064084133440] socket 1: OOO seq=85 buffered
[[1;34m22:57:56[0m] [133064084133440] socket 1: OOO seq=86 buffered
[[1;34m22:57:56[0m] [133064084133440] socket 1: PACKET_DROPPED (simulated loss)
[[1;34m22:57:56[0m] [133064084133440] socket 1: OOO seq=88 buffered
[[1;34m22:57:56[0m] [133064084133440] socket 1: OOO seq=89 buffered
[[1;34m22:57:56[0m] [133064084133440] socket 1: OOO seq=90 buffered
[[1;34m22:58:00[0m] [133064075740736] socket 0: TIMEOUT_RETRANSMITTING=7 messages
[[1;34m22:58:00[0m] [133064084133440] socket 1: DATA seq=84 ACK=86 win=7
[[1;34m22:58:00[0m] [133064084133440] socket 0: ACK ack=86 new_win=7
[[1;34m22:58:00[0m] [133064084133440] socket 0: ACK ack=86 new_win=7
[[1;34m22:58:00[0m] [133064084133440] socket 1: PACKET_DROPPED (simulated loss)
[[1;34m22:58:00[0m] [133064084133440] socket 1: PACKET_DROPPED (simulated loss)
[[1;34m22:58:06[0m] [133064075740736] socket 0: TIMEOUT_RETRANSMITTING=4 messages
[[1;34m22:58:06[0m] [133064084133440] socket 1: DATA seq=87 ACK=90 win=6
[[1;34m22:58:06[0m] [133064084133440] socket 0: ACK ack=90 new_win=6
[[1;34m22:58:06[0m] [133064084133440] socket 0: ACK ack=90 new_win=6
[[1;34m22:58:06[0m] [133064084133440] socket 1: PACKET_DROPPED (simulated loss)
[[1;34m22:58:06[0m] [133064084133440] socket 0: ACK ack=90 new_win=6
[[1;34m22:58:07[0m] [133064089192256] socket: request to close socket 0 (udp_sock = 4)
[[1;34m22:58:07[0m] [133064089192256] socket: closed socket 0
[[1;34m22:58:38[0m] [133064089192256] socket: request to close socket 1 (udp_sock = 5)
[[1;34m22:58:38[0m] [133064089192256] socket: closed socket 1
[[1;34m22:59:26[0m] [133064075740736] thread: shut down Sender routine
[[1;34m22:59:26[0m] [133064084133440] thread: shut down Receiver routine
[[1;34m22:59:28[0m] [133063931590208] thread: shut down Garbage Collector routine
[[1;34m22:59:28[0m] [133064089192256] socket: close all open socket fds
[[1;34m22:59:28[0m] [133064089192256] shm: destroy table mutex
[[1;34m22:59:28[0m] [133064089192256] shm: destroy system semaphore
[[1;34m22:59:28[0m] [133064089192256] shm: destroy library semaphore
[[1;34m22:59:28[0m] [133064089192256] shm: dettach from memory
[[1;34m22:59:28[0m] [133064089192256] shm: destroy shm segment
[[1;34m22:59:28[0m] [133064089192256] shm: destroyed socket table shared memory
